Started GET "/apis/flights" for ::1 at 2019-06-11 20:56:37 -0500
  
ActiveRecord::NoDatabaseError (FATAL:  database "tripper_app_development" does not exist
):
  
activerecord (5.2.3) lib/active_record/connection_adapters/postgresql_adapter.rb:696:in `rescue in connect'
activerecord (5.2.3) lib/active_record/connection_adapters/postgresql_adapter.rb:691:in `connect'
activerecord (5.2.3) lib/active_record/connection_adapters/postgresql_adapter.rb:223:in `initialize'
activerecord (5.2.3) lib/active_record/connection_adapters/postgresql_adapter.rb:48:in `new'
activerecord (5.2.3) lib/active_record/connection_adapters/postgresql_adapter.rb:48:in `postgresql_connection'
activerecord (5.2.3) lib/active_record/connection_adapters/abstract/connection_pool.rb:811:in `new_connection'
activerecord (5.2.3) lib/active_record/connection_adapters/abstract/connection_pool.rb:855:in `checkout_new_connection'
activerecord (5.2.3) lib/active_record/connection_adapters/abstract/connection_pool.rb:834:in `try_to_checkout_new_connection'
activerecord (5.2.3) lib/active_record/connection_adapters/abstract/connection_pool.rb:795:in `acquire_connection'
activerecord (5.2.3) lib/active_record/connection_adapters/abstract/connection_pool.rb:523:in `checkout'
activerecord (5.2.3) lib/active_record/connection_adapters/abstract/connection_pool.rb:382:in `connection'
activerecord (5.2.3) lib/active_record/connection_adapters/abstract/connection_pool.rb:1014:in `retrieve_connection'
activerecord (5.2.3) lib/active_record/connection_handling.rb:118:in `retrieve_connection'
activerecord (5.2.3) lib/active_record/connection_handling.rb:90:in `connection'
activerecord (5.2.3) lib/active_record/migration.rb:554:in `call'
actionpack (5.2.3) lib/action_dispatch/middleware/callbacks.rb:28:in `block in call'
activesupport (5.2.3) lib/active_support/callbacks.rb:98:in `run_callbacks'
actionpack (5.2.3) lib/action_dispatch/middleware/callbacks.rb:26:in `call'
actionpack (5.2.3) lib/action_dispatch/middleware/executor.rb:14:in `call'
actionpack (5.2.3) lib/action_dispatch/middleware/debug_exceptions.rb:61:in `call'
web-console (3.7.0) lib/web_console/middleware.rb:135:in `call_app'
web-console (3.7.0) lib/web_console/middleware.rb:30:in `block in call'
web-console (3.7.0) lib/web_console/middleware.rb:20:in `catch'
web-console (3.7.0) lib/web_console/middleware.rb:20:in `call'
actionpack (5.2.3) lib/action_dispatch/middleware/show_exceptions.rb:33:in `call'
railties (5.2.3) lib/rails/rack/logger.rb:38:in `call_app'
railties (5.2.3) lib/rails/rack/logger.rb:26:in `block in call'
activesupport (5.2.3) lib/active_support/tagged_logging.rb:71:in `block in tagged'
activesupport (5.2.3) lib/active_support/tagged_logging.rb:28:in `tagged'
activesupport (5.2.3) lib/active_support/tagged_logging.rb:71:in `tagged'
railties (5.2.3) lib/rails/rack/logger.rb:26:in `call'
sprockets-rails (3.2.1) lib/sprockets/rails/quiet_assets.rb:13:in `call'
actionpack (5.2.3) lib/action_dispatch/middleware/remote_ip.rb:81:in `call'
actionpack (5.2.3) lib/action_dispatch/middleware/request_id.rb:27:in `call'
rack (2.0.7) lib/rack/method_override.rb:22:in `call'
rack (2.0.7) lib/rack/runtime.rb:22:in `call'
activesupport (5.2.3) lib/active_support/cache/strategy/local_cache_middleware.rb:29:in `call'
actionpack (5.2.3) lib/action_dispatch/middleware/executor.rb:14:in `call'
actionpack (5.2.3) lib/action_dispatch/middleware/static.rb:127:in `call'
rack (2.0.7) lib/rack/sendfile.rb:111:in `call'
railties (5.2.3) lib/rails/engine.rb:524:in `call'
puma (3.12.1) lib/puma/configuration.rb:227:in `call'
puma (3.12.1) lib/puma/server.rb:660:in `handle_request'
puma (3.12.1) lib/puma/server.rb:474:in `process_client'
puma (3.12.1) lib/puma/server.rb:334:in `block in run'
puma (3.12.1) lib/puma/thread_pool.rb:135:in `block in spawn_thread'
Started GET "/apis/trips" for ::1 at 2019-06-11 20:56:51 -0500
  
ActiveRecord::NoDatabaseError (FATAL:  database "tripper_app_development" does not exist
):
  
activerecord (5.2.3) lib/active_record/connection_adapters/postgresql_adapter.rb:696:in `rescue in connect'
activerecord (5.2.3) lib/active_record/connection_adapters/postgresql_adapter.rb:691:in `connect'
activerecord (5.2.3) lib/active_record/connection_adapters/postgresql_adapter.rb:223:in `initialize'
activerecord (5.2.3) lib/active_record/connection_adapters/postgresql_adapter.rb:48:in `new'
activerecord (5.2.3) lib/active_record/connection_adapters/postgresql_adapter.rb:48:in `postgresql_connection'
activerecord (5.2.3) lib/active_record/connection_adapters/abstract/connection_pool.rb:811:in `new_connection'
activerecord (5.2.3) lib/active_record/connection_adapters/abstract/connection_pool.rb:855:in `checkout_new_connection'
activerecord (5.2.3) lib/active_record/connection_adapters/abstract/connection_pool.rb:834:in `try_to_checkout_new_connection'
activerecord (5.2.3) lib/active_record/connection_adapters/abstract/connection_pool.rb:795:in `acquire_connection'
activerecord (5.2.3) lib/active_record/connection_adapters/abstract/connection_pool.rb:523:in `checkout'
activerecord (5.2.3) lib/active_record/connection_adapters/abstract/connection_pool.rb:382:in `connection'
activerecord (5.2.3) lib/active_record/connection_adapters/abstract/connection_pool.rb:1014:in `retrieve_connection'
activerecord (5.2.3) lib/active_record/connection_handling.rb:118:in `retrieve_connection'
activerecord (5.2.3) lib/active_record/connection_handling.rb:90:in `connection'
activerecord (5.2.3) lib/active_record/migration.rb:554:in `call'
actionpack (5.2.3) lib/action_dispatch/middleware/callbacks.rb:28:in `block in call'
activesupport (5.2.3) lib/active_support/callbacks.rb:98:in `run_callbacks'
actionpack (5.2.3) lib/action_dispatch/middleware/callbacks.rb:26:in `call'
actionpack (5.2.3) lib/action_dispatch/middleware/executor.rb:14:in `call'
actionpack (5.2.3) lib/action_dispatch/middleware/debug_exceptions.rb:61:in `call'
web-console (3.7.0) lib/web_console/middleware.rb:135:in `call_app'
web-console (3.7.0) lib/web_console/middleware.rb:30:in `block in call'
web-console (3.7.0) lib/web_console/middleware.rb:20:in `catch'
web-console (3.7.0) lib/web_console/middleware.rb:20:in `call'
actionpack (5.2.3) lib/action_dispatch/middleware/show_exceptions.rb:33:in `call'
railties (5.2.3) lib/rails/rack/logger.rb:38:in `call_app'
railties (5.2.3) lib/rails/rack/logger.rb:26:in `block in call'
activesupport (5.2.3) lib/active_support/tagged_logging.rb:71:in `block in tagged'
activesupport (5.2.3) lib/active_support/tagged_logging.rb:28:in `tagged'
activesupport (5.2.3) lib/active_support/tagged_logging.rb:71:in `tagged'
railties (5.2.3) lib/rails/rack/logger.rb:26:in `call'
sprockets-rails (3.2.1) lib/sprockets/rails/quiet_assets.rb:13:in `call'
actionpack (5.2.3) lib/action_dispatch/middleware/remote_ip.rb:81:in `call'
actionpack (5.2.3) lib/action_dispatch/middleware/request_id.rb:27:in `call'
rack (2.0.7) lib/rack/method_override.rb:22:in `call'
rack (2.0.7) lib/rack/runtime.rb:22:in `call'
activesupport (5.2.3) lib/active_support/cache/strategy/local_cache_middleware.rb:29:in `call'
actionpack (5.2.3) lib/action_dispatch/middleware/executor.rb:14:in `call'
actionpack (5.2.3) lib/action_dispatch/middleware/static.rb:127:in `call'
rack (2.0.7) lib/rack/sendfile.rb:111:in `call'
railties (5.2.3) lib/rails/engine.rb:524:in `call'
puma (3.12.1) lib/puma/configuration.rb:227:in `call'
puma (3.12.1) lib/puma/server.rb:660:in `handle_request'
puma (3.12.1) lib/puma/server.rb:474:in `process_client'
puma (3.12.1) lib/puma/server.rb:334:in `block in run'
puma (3.12.1) lib/puma/thread_pool.rb:135:in `block in spawn_thread'
  [1m[35m (506.5ms)[0m  [1m[35mCREATE DATABASE "tripper_app_development" ENCODING = 'unicode'[0m
  ↳ /Users/abrahamkim/.rbenv/versions/2.6.1/bin/rake:23
  [1m[35m (405.0ms)[0m  [1m[35mCREATE DATABASE "tripper_app_test" ENCODING = 'unicode'[0m
  ↳ /Users/abrahamkim/.rbenv/versions/2.6.1/bin/rake:23
  [1m[35m (3.4ms)[0m  [1m[35mCREATE TABLE "schema_migrations" ("version" character varying NOT NULL PRIMARY KEY)[0m
  ↳ /Users/abrahamkim/.rbenv/versions/2.6.1/bin/rake:23
  [1m[35m (4.4ms)[0m  [1m[35mCREATE TABLE "ar_internal_metadata" ("key" character varying NOT NULL PRIMARY KEY, "value" character varying, "created_at" timestamp NOT NULL, "updated_at" timestamp NOT NULL)[0m
  ↳ /Users/abrahamkim/.rbenv/versions/2.6.1/bin/rake:23
  [1m[35m (0.2ms)[0m  [1m[34mSELECT pg_try_advisory_lock(3451649114448026625)[0m
  ↳ /Users/abrahamkim/.rbenv/versions/2.6.1/bin/rake:23
  [1m[35m (0.4ms)[0m  [1m[34mSELECT "schema_migrations"."version" FROM "schema_migrations" ORDER BY "schema_migrations"."version" ASC[0m
  ↳ /Users/abrahamkim/.rbenv/versions/2.6.1/bin/rake:23
Migrating to CreateFlights (20190611204912)
  [1m[35m (0.2ms)[0m  [1m[35mBEGIN[0m
  ↳ /Users/abrahamkim/.rbenv/versions/2.6.1/bin/rake:23
  [1m[35m (3.4ms)[0m  [1m[35mCREATE TABLE "flights" ("id" bigserial primary key, "status" character varying, "airline" character varying, "arrival_time" timestamp, "departure_time" timestamp, "arrival_airport" character varying, "departure_airport" character varying, "boarding_time" timestamp, "created_at" timestamp NOT NULL, "updated_at" timestamp NOT NULL)[0m
  ↳ db/migrate/20190611204912_create_flights.rb:3
  [1m[36mActiveRecord::SchemaMigration Create (0.4ms)[0m  [1m[32mINSERT INTO "schema_migrations" ("version") VALUES ($1) RETURNING "version"[0m  [["version", "20190611204912"]]
  ↳ /Users/abrahamkim/.rbenv/versions/2.6.1/bin/rake:23
  [1m[35m (0.4ms)[0m  [1m[35mCOMMIT[0m
  ↳ /Users/abrahamkim/.rbenv/versions/2.6.1/bin/rake:23
Migrating to CreateUsers (20190611214806)
  [1m[35m (0.2ms)[0m  [1m[35mBEGIN[0m
  ↳ /Users/abrahamkim/.rbenv/versions/2.6.1/bin/rake:23
  [1m[35m (12.6ms)[0m  [1m[35mCREATE TABLE "users" ("id" bigserial primary key, "first_name" character varying, "last_name" character varying, "email" character varying, "phone_number" character varying, "is_employee" boolean DEFAULT FALSE, "created_at" timestamp NOT NULL, "updated_at" timestamp NOT NULL)[0m
  ↳ db/migrate/20190611214806_create_users.rb:3
  [1m[36mActiveRecord::SchemaMigration Create (0.3ms)[0m  [1m[32mINSERT INTO "schema_migrations" ("version") VALUES ($1) RETURNING "version"[0m  [["version", "20190611214806"]]
  ↳ /Users/abrahamkim/.rbenv/versions/2.6.1/bin/rake:23
  [1m[35m (0.4ms)[0m  [1m[35mCOMMIT[0m
  ↳ /Users/abrahamkim/.rbenv/versions/2.6.1/bin/rake:23
  [1m[36mActiveRecord::InternalMetadata Load (0.3ms)[0m  [1m[34mSELECT  "ar_internal_metadata".* FROM "ar_internal_metadata" WHERE "ar_internal_metadata"."key" = $1 LIMIT $2[0m  [["key", "environment"], ["LIMIT", 1]]
  ↳ /Users/abrahamkim/.rbenv/versions/2.6.1/bin/rake:23
  [1m[35m (0.2ms)[0m  [1m[35mBEGIN[0m
  ↳ /Users/abrahamkim/.rbenv/versions/2.6.1/bin/rake:23
  [1m[36mActiveRecord::InternalMetadata Create (0.3ms)[0m  [1m[32mINSERT INTO "ar_internal_metadata" ("key", "value", "created_at", "updated_at") VALUES ($1, $2, $3, $4) RETURNING "key"[0m  [["key", "environment"], ["value", "development"], ["created_at", "2019-06-12 01:57:46.554460"], ["updated_at", "2019-06-12 01:57:46.554460"]]
  ↳ /Users/abrahamkim/.rbenv/versions/2.6.1/bin/rake:23
  [1m[35m (0.3ms)[0m  [1m[35mCOMMIT[0m
  ↳ /Users/abrahamkim/.rbenv/versions/2.6.1/bin/rake:23
  [1m[35m (0.2ms)[0m  [1m[34mSELECT pg_advisory_unlock(3451649114448026625)[0m
  ↳ /Users/abrahamkim/.rbenv/versions/2.6.1/bin/rake:23
  [1m[35m (0.3ms)[0m  [1m[34mSELECT "schema_migrations"."version" FROM "schema_migrations" ORDER BY "schema_migrations"."version" ASC[0m
  ↳ /Users/abrahamkim/.rbenv/versions/2.6.1/bin/rake:23
  [1m[35m (0.5ms)[0m  [1m[34mSELECT "schema_migrations"."version" FROM "schema_migrations" ORDER BY "schema_migrations"."version" ASC[0m
  ↳ /Users/abrahamkim/.rbenv/versions/2.6.1/bin/rake:23
  [1m[35m (0.2ms)[0m  [1m[35mBEGIN[0m
  ↳ db/seeds.rb:1
  [1m[36mFlight Create (0.8ms)[0m  [1m[32mINSERT INTO "flights" ("status", "airline", "arrival_time", "departure_time", "arrival_airport", "departure_airport", "boarding_time", "created_at", "updated_at") VALUES ($1, $2, $3, $4, $5, $6, $7, $8, $9) RETURNING "id"[0m  [["status", "On Time"], ["airline", "American Airlines"], ["arrival_time", "2019-06-15 01:57:50.084923"], ["departure_time", "2019-06-14 02:57:50.084886"], ["arrival_airport", "MIA"], ["departure_airport", "SNA"], ["boarding_time", "2019-06-14 01:57:50.083462"], ["created_at", "2019-06-12 01:57:50.095837"], ["updated_at", "2019-06-12 01:57:50.095837"]]
  ↳ db/seeds.rb:1
  [1m[35m (0.4ms)[0m  [1m[35mCOMMIT[0m
  ↳ db/seeds.rb:1
  [1m[35m (0.2ms)[0m  [1m[35mBEGIN[0m
  ↳ db/seeds.rb:2
  [1m[36mFlight Create (0.3ms)[0m  [1m[32mINSERT INTO "flights" ("status", "airline", "arrival_time", "departure_time", "arrival_airport", "departure_airport", "boarding_time", "created_at", "updated_at") VALUES ($1, $2, $3, $4, $5, $6, $7, $8, $9) RETURNING "id"[0m  [["status", "Cancelled"], ["airline", "United Airlines"], ["arrival_time", "2019-06-22 04:57:50.098463"], ["departure_time", "2019-06-22 02:57:50.098405"], ["arrival_airport", "ORD"], ["departure_airport", "RSW"], ["boarding_time", "2019-06-22 01:57:50.098323"], ["created_at", "2019-06-12 01:57:50.099092"], ["updated_at", "2019-06-12 01:57:50.099092"]]
  ↳ db/seeds.rb:2
  [1m[35m (0.3ms)[0m  [1m[35mCOMMIT[0m
  ↳ db/seeds.rb:2
  [1m[35m (0.1ms)[0m  [1m[35mBEGIN[0m
  ↳ db/seeds.rb:3
  [1m[36mFlight Create (0.2ms)[0m  [1m[32mINSERT INTO "flights" ("status", "airline", "arrival_time", "departure_time", "arrival_airport", "departure_airport", "boarding_time", "created_at", "updated_at") VALUES ($1, $2, $3, $4, $5, $6, $7, $8, $9) RETURNING "id"[0m  [["status", "Departed"], ["airline", "American Airlines"], ["arrival_time", "2019-06-12 01:57:50.100818"], ["departure_time", "2019-06-11 02:57:50.100791"], ["arrival_airport", "DFW"], ["departure_airport", "ORD"], ["boarding_time", "2019-06-11 01:57:50.100733"], ["created_at", "2019-06-12 01:57:50.101338"], ["updated_at", "2019-06-12 01:57:50.101338"]]
  ↳ db/seeds.rb:3
  [1m[35m (0.3ms)[0m  [1m[35mCOMMIT[0m
  ↳ db/seeds.rb:3
  [1m[35m (0.2ms)[0m  [1m[35mBEGIN[0m
  ↳ db/seeds.rb:5
  [1m[36mUser Create (0.5ms)[0m  [1m[32mINSERT INTO "users" ("first_name", "last_name", "email", "phone_number", "created_at", "updated_at") VALUES ($1, $2, $3, $4, $5, $6) RETURNING "id"[0m  [["first_name", "Sinan"], ["last_name", "Fun"], ["email", "funs@funny.com"], ["phone_number", "123-456-7891"], ["created_at", "2019-06-12 01:57:50.110954"], ["updated_at", "2019-06-12 01:57:50.110954"]]
  ↳ db/seeds.rb:5
  [1m[35m (0.4ms)[0m  [1m[35mCOMMIT[0m
  ↳ db/seeds.rb:5
  [1m[36mFlight Load (0.3ms)[0m  [1m[34mSELECT  "flights".* FROM "flights" LIMIT $1[0m  [["LIMIT", 11]]
Started GET "/apis/trips" for ::1 at 2019-06-11 20:58:04 -0500
  [1m[35m (0.4ms)[0m  [1m[34mSELECT "schema_migrations"."version" FROM "schema_migrations" ORDER BY "schema_migrations"."version" ASC[0m
  ↳ /Users/abrahamkim/.rbenv/versions/2.6.1/lib/ruby/gems/2.6.0/gems/activerecord-5.2.3/lib/active_record/log_subscriber.rb:98
  
ActionController::RoutingError (No route matches [GET] "/apis/trips"):
  
actionpack (5.2.3) lib/action_dispatch/middleware/debug_exceptions.rb:65:in `call'
web-console (3.7.0) lib/web_console/middleware.rb:135:in `call_app'
web-console (3.7.0) lib/web_console/middleware.rb:30:in `block in call'
web-console (3.7.0) lib/web_console/middleware.rb:20:in `catch'
web-console (3.7.0) lib/web_console/middleware.rb:20:in `call'
actionpack (5.2.3) lib/action_dispatch/middleware/show_exceptions.rb:33:in `call'
railties (5.2.3) lib/rails/rack/logger.rb:38:in `call_app'
railties (5.2.3) lib/rails/rack/logger.rb:26:in `block in call'
activesupport (5.2.3) lib/active_support/tagged_logging.rb:71:in `block in tagged'
activesupport (5.2.3) lib/active_support/tagged_logging.rb:28:in `tagged'
activesupport (5.2.3) lib/active_support/tagged_logging.rb:71:in `tagged'
railties (5.2.3) lib/rails/rack/logger.rb:26:in `call'
sprockets-rails (3.2.1) lib/sprockets/rails/quiet_assets.rb:13:in `call'
actionpack (5.2.3) lib/action_dispatch/middleware/remote_ip.rb:81:in `call'
actionpack (5.2.3) lib/action_dispatch/middleware/request_id.rb:27:in `call'
rack (2.0.7) lib/rack/method_override.rb:22:in `call'
rack (2.0.7) lib/rack/runtime.rb:22:in `call'
activesupport (5.2.3) lib/active_support/cache/strategy/local_cache_middleware.rb:29:in `call'
actionpack (5.2.3) lib/action_dispatch/middleware/executor.rb:14:in `call'
actionpack (5.2.3) lib/action_dispatch/middleware/static.rb:127:in `call'
rack (2.0.7) lib/rack/sendfile.rb:111:in `call'
railties (5.2.3) lib/rails/engine.rb:524:in `call'
puma (3.12.1) lib/puma/configuration.rb:227:in `call'
puma (3.12.1) lib/puma/server.rb:660:in `handle_request'
puma (3.12.1) lib/puma/server.rb:474:in `process_client'
puma (3.12.1) lib/puma/server.rb:334:in `block in run'
puma (3.12.1) lib/puma/thread_pool.rb:135:in `block in spawn_thread'
Started GET "/api/trips" for ::1 at 2019-06-11 20:58:19 -0500
Processing by Api::TripsController#index as HTML
  Rendering api/trips/index.json.jbuilder
  [1m[36mFlight Load (0.6ms)[0m  [1m[34mSELECT "flights".* FROM "flights"[0m
  ↳ app/views/api/trips/index.json.jbuilder:1
  Rendered api/trips/_trip.json.jbuilder (130.5ms)
  Rendered api/trips/index.json.jbuilder (142.4ms)
Completed 500 Internal Server Error in 145ms (ActiveRecord: 3.6ms)


  
ActionView::Template::Error (undefined local variable or method `trip' for #<#<Class:0x00007fbc5e0b5af0>:0x00007fbc5e0bfe10>
Did you mean?  trap):
    1: json.id trip.id
    2: json.status trip.status
    3: json.airline trip.airline
    4: json.boarding_time trip.boarding_time
  
app/views/api/trips/_trip.json.jbuilder:1:in `_app_views_api_trips__trip_json_jbuilder__2541356586740914100_70223518032580'
app/views/api/trips/index.json.jbuilder:1:in `_app_views_api_trips_index_json_jbuilder__4230802671999678974_70223504209040'
app/controllers/api/trips_controller.rb:4:in `index'
Started GET "/api/trips" for ::1 at 2019-06-11 20:58:31 -0500
Processing by Api::TripsController#index as HTML
  Rendering api/trips/index.json.jbuilder
  [1m[36mFlight Load (0.2ms)[0m  [1m[34mSELECT "flights".* FROM "flights"[0m
  ↳ app/views/api/trips/index.json.jbuilder:1
  Rendered api/trips/_trip.json.jbuilder (9.4ms)
  Rendered api/trips/index.json.jbuilder (10.8ms)
Completed 500 Internal Server Error in 12ms (ActiveRecord: 0.2ms)


  
ActionView::Template::Error (undefined method `depature_time' for #<Flight:0x00007fbc5e067c10>
Did you mean?  departure_time
               departure_time=
               departure_time?):
    3: json.airline flight.airline
    4: json.boarding_time flight.boarding_time
    5: json.arrival_time flight.arrival_time
    6: json.depature_time flight.depature_time
    7: json.arrival_airport flight.arrival_airport
    8: json.depature_airport flight.depature_airport
  
app/views/api/trips/_trip.json.jbuilder:6:in `_app_views_api_trips__trip_json_jbuilder__2541356586740914100_70223504027300'
app/views/api/trips/index.json.jbuilder:1:in `_app_views_api_trips_index_json_jbuilder__4230802671999678974_70223503959020'
app/controllers/api/trips_controller.rb:4:in `index'
Started GET "/api/trips" for ::1 at 2019-06-11 20:58:43 -0500
Processing by Api::TripsController#index as HTML
  Rendering api/trips/index.json.jbuilder
  [1m[36mFlight Load (0.2ms)[0m  [1m[34mSELECT "flights".* FROM "flights"[0m
  ↳ app/views/api/trips/index.json.jbuilder:1
  Rendered api/trips/_trip.json.jbuilder (124.0ms)
  Rendered api/trips/index.json.jbuilder (125.4ms)
Completed 500 Internal Server Error in 127ms (ActiveRecord: 0.2ms)


  
ActionView::Template::Error (undefined local variable or method `trip' for #<#<Class:0x00007fbc5e0b5af0>:0x00007fbc580d1af8>
Did you mean?  trap):
    1: json.id trip.id
    2: json.status trip.status
    3: json.airline trip.airline
    4: json.boarding_time trip.boarding_time
  
app/views/api/trips/_trip.json.jbuilder:1:in `_app_views_api_trips__trip_json_jbuilder__2541356586740914100_70223453400720'
app/views/api/trips/index.json.jbuilder:1:in `_app_views_api_trips_index_json_jbuilder__4230802671999678974_70223453965480'
app/controllers/api/trips_controller.rb:4:in `index'
Started GET "/api/trips" for ::1 at 2019-06-11 20:58:51 -0500
Processing by Api::TripsController#index as HTML
  Rendering api/trips/index.json.jbuilder
  [1m[36mFlight Load (0.2ms)[0m  [1m[34mSELECT "flights".* FROM "flights"[0m
  ↳ app/views/api/trips/index.json.jbuilder:1
  Rendered api/trips/_trip.json.jbuilder (9.2ms)
  Rendered api/trips/index.json.jbuilder (10.6ms)
Completed 500 Internal Server Error in 12ms (ActiveRecord: 0.2ms)


  
ActionView::Template::Error (undefined method `depature_time' for #<Flight:0x00007fbc58366610>
Did you mean?  departure_time
               departure_time=
               departure_time?):
    3: json.airline flights.airline
    4: json.boarding_time flights.boarding_time
    5: json.arrival_time flights.arrival_time
    6: json.depature_time flights.depature_time
    7: json.arrival_airport flights.arrival_airport
    8: json.depature_airport flights.depature_airport
  
app/views/api/trips/_trip.json.jbuilder:6:in `_app_views_api_trips__trip_json_jbuilder__2541356586740914100_70223455265900'
app/views/api/trips/index.json.jbuilder:1:in `_app_views_api_trips_index_json_jbuilder__4230802671999678974_70223462902140'
app/controllers/api/trips_controller.rb:4:in `index'
Started GET "/api/trips" for ::1 at 2019-06-11 20:58:55 -0500
Processing by Api::TripsController#index as HTML
  Rendering api/trips/index.json.jbuilder
  [1m[36mFlight Load (0.2ms)[0m  [1m[34mSELECT "flights".* FROM "flights"[0m
  ↳ app/views/api/trips/index.json.jbuilder:1
  Rendered api/trips/_trip.json.jbuilder (121.2ms)
  Rendered api/trips/index.json.jbuilder (122.6ms)
Completed 500 Internal Server Error in 130ms (ActiveRecord: 0.2ms)


  
ActionView::Template::Error (undefined local variable or method `flight' for #<#<Class:0x00007fbc5e0b5af0>:0x00007fbc5fb6db40>
Did you mean?  flights
               @flights):
    1: json.id flight.id
    2: json.status flight.status
    3: json.airline flight.airline
    4: json.boarding_time flight.boarding_time
  
app/views/api/trips/_trip.json.jbuilder:1:in `_app_views_api_trips__trip_json_jbuilder__2541356586740914100_70223450822780'
app/views/api/trips/index.json.jbuilder:1:in `_app_views_api_trips_index_json_jbuilder__4230802671999678974_70223518196200'
app/controllers/api/trips_controller.rb:4:in `index'
Started GET "/api/trips" for ::1 at 2019-06-11 20:59:00 -0500
Processing by Api::TripsController#index as HTML
  Rendering api/trips/index.json.jbuilder
  [1m[36mFlight Load (0.2ms)[0m  [1m[34mSELECT "flights".* FROM "flights"[0m
  ↳ app/views/api/trips/index.json.jbuilder:1
  Rendered api/trips/_trip.json.jbuilder (125.4ms)
  Rendered api/trips/index.json.jbuilder (126.8ms)
Completed 500 Internal Server Error in 128ms (ActiveRecord: 0.2ms)


  
ActionView::Template::Error (undefined local variable or method `trips' for #<#<Class:0x00007fbc5e0b5af0>:0x00007fbc58365828>):
    1: json.id trips.id
    2: json.status trips.status
    3: json.airline trips.airline
    4: json.boarding_time trips.boarding_time
  
app/views/api/trips/_trip.json.jbuilder:1:in `_app_views_api_trips__trip_json_jbuilder__2541356586740914100_70223517609000'
app/views/api/trips/index.json.jbuilder:1:in `_app_views_api_trips_index_json_jbuilder__4230802671999678974_70223455288420'
app/controllers/api/trips_controller.rb:4:in `index'
Started GET "/api/trips" for ::1 at 2019-06-11 20:59:03 -0500
Processing by Api::TripsController#index as HTML
  Rendering api/trips/index.json.jbuilder
  [1m[36mFlight Load (0.3ms)[0m  [1m[34mSELECT "flights".* FROM "flights"[0m
  ↳ app/views/api/trips/index.json.jbuilder:1
  Rendered api/trips/_trip.json.jbuilder (131.8ms)
  Rendered api/trips/index.json.jbuilder (133.8ms)
Completed 500 Internal Server Error in 135ms (ActiveRecord: 0.3ms)


  
ActionView::Template::Error (undefined local variable or method `trip' for #<#<Class:0x00007fbc5e0b5af0>:0x00007fbc5995a458>
Did you mean?  trap):
    1: json.id trip.id
    2: json.status trip.status
    3: json.airline trip.airline
    4: json.boarding_time trip.boarding_time
  
app/views/api/trips/_trip.json.jbuilder:1:in `_app_views_api_trips__trip_json_jbuilder__2541356586740914100_70223455074340'
app/views/api/trips/index.json.jbuilder:1:in `_app_views_api_trips_index_json_jbuilder__4230802671999678974_70223466776300'
app/controllers/api/trips_controller.rb:4:in `index'
Started GET "/api/trips" for ::1 at 2019-06-11 20:59:18 -0500
Processing by Api::TripsController#index as HTML
  Rendering api/trips/index.json.jbuilder
  [1m[36mFlight Load (0.2ms)[0m  [1m[34mSELECT "flights".* FROM "flights"[0m
  ↳ app/views/api/trips/index.json.jbuilder:1
  Rendered api/trips/_trip.json.jbuilder (119.6ms)
  Rendered api/trips/index.json.jbuilder (121.2ms)
Completed 500 Internal Server Error in 123ms (ActiveRecord: 0.2ms)


  
ActionView::Template::Error (undefined local variable or method `trip' for #<#<Class:0x00007fbc5e0b5af0>:0x00007fbc5a950128>
Did you mean?  trap):
    1: json.id trip.id
    2: json.status trip.status
    3: json.airline trip.airline
    4: json.boarding_time trip.boarding_time
  
app/views/api/trips/_trip.json.jbuilder:1:in `_app_views_api_trips__trip_json_jbuilder__2541356586740914100_70223453994560'
app/views/api/trips/index.json.jbuilder:1:in `_app_views_api_trips_index_json_jbuilder__4230802671999678974_70223475182440'
app/controllers/api/trips_controller.rb:4:in `index'
Started GET "/api/trips" for ::1 at 2019-06-11 20:59:22 -0500
Processing by Api::TripsController#index as HTML
  Rendering api/trips/index.json.jbuilder
  [1m[36mFlight Load (0.2ms)[0m  [1m[34mSELECT "flights".* FROM "flights"[0m
  ↳ app/views/api/trips/index.json.jbuilder:1
  Rendered api/trips/_trip.json.jbuilder (9.1ms)
  Rendered api/trips/index.json.jbuilder (10.6ms)
Completed 500 Internal Server Error in 12ms (ActiveRecord: 0.2ms)


  
ActionView::Template::Error (undefined method `depature_time' for #<Flight:0x00007fbc59838638>
Did you mean?  departure_time
               departure_time=
               departure_time?):
    3: json.airline trip.airline
    4: json.boarding_time trip.boarding_time
    5: json.arrival_time trip.arrival_time
    6: json.depature_time trip.depature_time
    7: json.arrival_airport trip.arrival_airport
    8: json.depature_airport trip.depature_airport
  
app/views/api/trips/_trip.json.jbuilder:6:in `_app_views_api_trips__trip_json_jbuilder__2541356586740914100_70223452707500'
app/views/api/trips/index.json.jbuilder:1:in `_app_views_api_trips_index_json_jbuilder__4230802671999678974_70223449930080'
app/controllers/api/trips_controller.rb:4:in `index'
Started GET "/api/trips" for ::1 at 2019-06-11 20:59:43 -0500
Processing by Api::TripsController#index as HTML
  Rendering api/trips/index.json.jbuilder
  [1m[36mFlight Load (0.2ms)[0m  [1m[34mSELECT "flights".* FROM "flights"[0m
  ↳ app/views/api/trips/index.json.jbuilder:1
  Rendered api/trips/_trip.json.jbuilder (9.8ms)
  Rendered api/trips/index.json.jbuilder (11.2ms)
Completed 500 Internal Server Error in 13ms (ActiveRecord: 0.2ms)


  
ActionView::Template::Error (undefined method `depature_airport' for #<Flight:0x00007fbc591e0ab0>
Did you mean?  departure_airport
               departure_airport=
               departure_airport?):
    5: json.arrival_time trip.arrival_time
    6: json.departure_time trip.departure_time
    7: json.arrival_airport trip.arrival_airport
    8: json.depature_airport trip.depature_airport
  
app/views/api/trips/_trip.json.jbuilder:8:in `_app_views_api_trips__trip_json_jbuilder__2541356586740914100_70223462868700'
app/views/api/trips/index.json.jbuilder:1:in `_app_views_api_trips_index_json_jbuilder__4230802671999678974_70223462920020'
app/controllers/api/trips_controller.rb:4:in `index'
Started GET "/api/trips" for ::1 at 2019-06-11 20:59:49 -0500
Processing by Api::TripsController#index as HTML
  Rendering api/trips/index.json.jbuilder
  [1m[36mFlight Load (0.2ms)[0m  [1m[34mSELECT "flights".* FROM "flights"[0m
  ↳ app/views/api/trips/index.json.jbuilder:1
  Rendered api/trips/_trip.json.jbuilder (0.4ms)
  Rendered api/trips/_trip.json.jbuilder (0.1ms)
  Rendered api/trips/_trip.json.jbuilder (0.1ms)
  Rendered api/trips/index.json.jbuilder (2.9ms)
Completed 200 OK in 4ms (Views: 3.8ms | ActiveRecord: 0.2ms)


  [1m[36mUser Load (0.3ms)[0m  [1m[34mSELECT  "users".* FROM "users" LIMIT $1[0m  [["LIMIT", 11]]
  [1m[35m (0.4ms)[0m  [1m[34mSELECT "schema_migrations"."version" FROM "schema_migrations" ORDER BY "schema_migrations"."version" ASC[0m
  ↳ /Users/abrahamkim/.rbenv/versions/2.6.1/bin/rake:23
  [1m[35m (0.3ms)[0m  [1m[35mBEGIN[0m
  ↳ db/seeds.rb:7
  [1m[36mUser Create (0.4ms)[0m  [1m[32mINSERT INTO "users" ("first_name", "last_name", "email", "phone_number", "created_at", "updated_at") VALUES ($1, $2, $3, $4, $5, $6) RETURNING "id"[0m  [["first_name", "Big"], ["last_name", "Boss"], ["email", "bigboss@noneofyourbusiness.com"], ["phone_number", "123-456-7890"], ["created_at", "2019-06-12 02:20:25.456458"], ["updated_at", "2019-06-12 02:20:25.456458"]]
  ↳ db/seeds.rb:7
  [1m[35m (0.4ms)[0m  [1m[35mCOMMIT[0m
  ↳ db/seeds.rb:7
  [1m[36mUser Load (0.2ms)[0m  [1m[34mSELECT  "users".* FROM "users" LIMIT $1[0m  [["LIMIT", 11]]
  [1m[36mUser Load (0.3ms)[0m  [1m[34mSELECT  "users".* FROM "users" WHERE "users"."id" = $1 LIMIT $2[0m  [["id", 2], ["LIMIT", 1]]
  [1m[35m (0.1ms)[0m  [1m[35mBEGIN[0m
  [1m[36mUser Update (0.3ms)[0m  [1m[33mUPDATE "users" SET "is_employee" = $1, "updated_at" = $2 WHERE "users"."id" = $3[0m  [["is_employee", true], ["updated_at", "2019-06-12 02:20:55.544839"], ["id", 2]]
  [1m[35m (0.6ms)[0m  [1m[35mCOMMIT[0m
  [1m[36mUser Load (0.3ms)[0m  [1m[34mSELECT  "users".* FROM "users" LIMIT $1[0m  [["LIMIT", 11]]
  [1m[36mUser Load (0.4ms)[0m  [1m[34mSELECT  "users".* FROM "users" LIMIT $1[0m  [["LIMIT", 11]]
  [1m[36mFlight Load (0.3ms)[0m  [1m[34mSELECT  "flights".* FROM "flights" LIMIT $1[0m  [["LIMIT", 11]]
Started POST "/api/trips" for ::1 at 2019-06-11 22:29:18 -0500
Processing by Api::TripsController#create as */*
  Parameters: {"status"=>"delayed", "airline"=>"United Airlines", "arrival_time"=>"Time.now + 1.day", "departure_time"=>"Time.now + 3.hours ", "arrival_airport"=>"ATL", "departure_airport"=>"ORD", "boarding_time"=>"Time.now + 4.hours"}
Can't verify CSRF token authenticity.
  [1m[35m (0.1ms)[0m  [1m[35mBEGIN[0m
  ↳ app/controllers/api/trips_controller.rb:18
  [1m[36mFlight Create (0.4ms)[0m  [1m[32mINSERT INTO "flights" ("status", "airline", "arrival_airport", "departure_airport", "created_at", "updated_at") VALUES ($1, $2, $3, $4, $5, $6) RETURNING "id"[0m  [["status", "delayed"], ["airline", "United Airlines"], ["arrival_airport", "ATL"], ["departure_airport", "ORD"], ["created_at", "2019-06-12 03:29:18.291907"], ["updated_at", "2019-06-12 03:29:18.291907"]]
  ↳ app/controllers/api/trips_controller.rb:18
  [1m[35m (0.3ms)[0m  [1m[35mCOMMIT[0m
  ↳ app/controllers/api/trips_controller.rb:18
  Rendering api/trips/show.json.jbuilder
  Rendered api/trips/show.json.jbuilder (0.3ms)
Completed 500 Internal Server Error in 19ms (ActiveRecord: 5.3ms)


  
SyntaxError (/Users/abrahamkim/Desktop/group_project/tripper_app/app/views/api/trips/show.json.jbuilder:1: syntax error, unexpected tSYMBEG, expecting do or '{' or '('
... @flight, partial: 'trip', as :trip  
...                              ^):
  
app/views/api/trips/show.json.jbuilder:1: syntax error, unexpected tSYMBEG, expecting do or '{' or '('
app/controllers/api/trips_controller.rb:19:in `create'
Started POST "/api/trips" for ::1 at 2019-06-11 22:29:48 -0500
Processing by Api::TripsController#create as */*
  Parameters: {"status"=>"delayed", "airline"=>"United Airlines", "arrival_time"=>"Time.now + 1.day", "departure_time"=>"Time.now + 3.hours ", "arrival_airport"=>"ATL", "departure_airport"=>"ORD", "boarding_time"=>"Time.now + 4.hours"}
Can't verify CSRF token authenticity.
  [1m[35m (0.1ms)[0m  [1m[35mBEGIN[0m
  ↳ app/controllers/api/trips_controller.rb:18
  [1m[36mFlight Create (0.2ms)[0m  [1m[32mINSERT INTO "flights" ("status", "airline", "arrival_airport", "departure_airport", "created_at", "updated_at") VALUES ($1, $2, $3, $4, $5, $6) RETURNING "id"[0m  [["status", "delayed"], ["airline", "United Airlines"], ["arrival_airport", "ATL"], ["departure_airport", "ORD"], ["created_at", "2019-06-12 03:29:48.494027"], ["updated_at", "2019-06-12 03:29:48.494027"]]
  ↳ app/controllers/api/trips_controller.rb:18
  [1m[35m (0.3ms)[0m  [1m[35mCOMMIT[0m
  ↳ app/controllers/api/trips_controller.rb:18
  Rendering api/trips/show.json.jbuilder
  Rendered api/trips/show.json.jbuilder (0.3ms)
Completed 500 Internal Server Error in 16ms (ActiveRecord: 3.0ms)


  
SyntaxError (/Users/abrahamkim/Desktop/group_project/tripper_app/app/views/api/trips/show.json.jbuilder:1: syntax error, unexpected tSYMBEG, expecting do or '{' or '('
... @flight, partial: 'trip', as :trip  
...                              ^):
  
app/views/api/trips/show.json.jbuilder:1: syntax error, unexpected tSYMBEG, expecting do or '{' or '('
app/controllers/api/trips_controller.rb:19:in `create'
Started POST "/api/trips" for ::1 at 2019-06-11 22:30:11 -0500
Processing by Api::TripsController#create as */*
  Parameters: {"status"=>"delayed", "airline"=>"United Airlines", "arrival_time"=>"Time.now + 1.day", "departure_time"=>"Time.now + 3.hours ", "arrival_airport"=>"ATL", "departure_airport"=>"ORD", "boarding_time"=>"Time.now + 4.hours"}
Can't verify CSRF token authenticity.
  [1m[35m (0.2ms)[0m  [1m[35mBEGIN[0m
  ↳ app/controllers/api/trips_controller.rb:18
  [1m[36mFlight Create (0.3ms)[0m  [1m[32mINSERT INTO "flights" ("status", "airline", "arrival_airport", "departure_airport", "created_at", "updated_at") VALUES ($1, $2, $3, $4, $5, $6) RETURNING "id"[0m  [["status", "delayed"], ["airline", "United Airlines"], ["arrival_airport", "ATL"], ["departure_airport", "ORD"], ["created_at", "2019-06-12 03:30:11.863827"], ["updated_at", "2019-06-12 03:30:11.863827"]]
  ↳ app/controllers/api/trips_controller.rb:18
  [1m[35m (0.3ms)[0m  [1m[35mCOMMIT[0m
  ↳ app/controllers/api/trips_controller.rb:18
  Rendering api/trips/show.json.jbuilder
  Rendered api/trips/show.json.jbuilder (0.3ms)
Completed 500 Internal Server Error in 7ms (ActiveRecord: 0.7ms)


  
SyntaxError (/Users/abrahamkim/Desktop/group_project/tripper_app/app/views/api/trips/show.json.jbuilder:1: syntax error, unexpected tSYMBEG, expecting do or '{' or '('
... @flight, partial: 'trip', as :flight
...                              ^):
  
app/views/api/trips/show.json.jbuilder:1: syntax error, unexpected tSYMBEG, expecting do or '{' or '('
app/controllers/api/trips_controller.rb:19:in `create'
Started POST "/api/trips" for ::1 at 2019-06-11 22:30:40 -0500
Processing by Api::TripsController#create as */*
  Parameters: {"status"=>"delayed", "airline"=>"United Airlines", "arrival_time"=>"Time.now + 1.day", "departure_time"=>"Time.now + 3.hours ", "arrival_airport"=>"ATL", "departure_airport"=>"ORD", "boarding_time"=>"Time.now + 4.hours"}
Can't verify CSRF token authenticity.
  [1m[35m (0.1ms)[0m  [1m[35mBEGIN[0m
  ↳ app/controllers/api/trips_controller.rb:18
  [1m[36mFlight Create (0.2ms)[0m  [1m[32mINSERT INTO "flights" ("status", "airline", "arrival_airport", "departure_airport", "created_at", "updated_at") VALUES ($1, $2, $3, $4, $5, $6) RETURNING "id"[0m  [["status", "delayed"], ["airline", "United Airlines"], ["arrival_airport", "ATL"], ["departure_airport", "ORD"], ["created_at", "2019-06-12 03:30:40.439526"], ["updated_at", "2019-06-12 03:30:40.439526"]]
  ↳ app/controllers/api/trips_controller.rb:18
  [1m[35m (0.3ms)[0m  [1m[35mCOMMIT[0m
  ↳ app/controllers/api/trips_controller.rb:18
  Rendering api/trips/show.json.jbuilder
  Rendered api/trips/show.json.jbuilder (0.4ms)
Completed 500 Internal Server Error in 6ms (ActiveRecord: 0.6ms)


  
SyntaxError (/Users/abrahamkim/Desktop/group_project/tripper_app/app/views/api/trips/show.json.jbuilder:1: syntax error, unexpected tSYMBEG, expecting do or '{' or '('
...@flights, partial: 'trip', as :flight
...                              ^):
  
app/views/api/trips/show.json.jbuilder:1: syntax error, unexpected tSYMBEG, expecting do or '{' or '('
app/controllers/api/trips_controller.rb:19:in `create'
Started POST "/api/trips" for ::1 at 2019-06-11 22:30:45 -0500
Processing by Api::TripsController#create as */*
  Parameters: {"status"=>"delayed", "airline"=>"United Airlines", "arrival_time"=>"Time.now + 1.day", "departure_time"=>"Time.now + 3.hours ", "arrival_airport"=>"ATL", "departure_airport"=>"ORD", "boarding_time"=>"Time.now + 4.hours"}
Can't verify CSRF token authenticity.
  [1m[35m (0.1ms)[0m  [1m[35mBEGIN[0m
  ↳ app/controllers/api/trips_controller.rb:18
  [1m[36mFlight Create (0.2ms)[0m  [1m[32mINSERT INTO "flights" ("status", "airline", "arrival_airport", "departure_airport", "created_at", "updated_at") VALUES ($1, $2, $3, $4, $5, $6) RETURNING "id"[0m  [["status", "delayed"], ["airline", "United Airlines"], ["arrival_airport", "ATL"], ["departure_airport", "ORD"], ["created_at", "2019-06-12 03:30:45.157889"], ["updated_at", "2019-06-12 03:30:45.157889"]]
  ↳ app/controllers/api/trips_controller.rb:18
  [1m[35m (0.3ms)[0m  [1m[35mCOMMIT[0m
  ↳ app/controllers/api/trips_controller.rb:18
  Rendering api/trips/show.json.jbuilder
  Rendered api/trips/show.json.jbuilder (0.3ms)
Completed 500 Internal Server Error in 6ms (ActiveRecord: 0.6ms)


  
SyntaxError (/Users/abrahamkim/Desktop/group_project/tripper_app/app/views/api/trips/show.json.jbuilder:1: syntax error, unexpected tSYMBEG, expecting do or '{' or '('
... @flight, partial: 'trip', as :flight
...                              ^):
  
app/views/api/trips/show.json.jbuilder:1: syntax error, unexpected tSYMBEG, expecting do or '{' or '('
app/controllers/api/trips_controller.rb:19:in `create'
Started POST "/api/trips" for ::1 at 2019-06-11 22:31:35 -0500
Processing by Api::TripsController#create as */*
  Parameters: {"status"=>"delayed", "airline"=>"United Airlines", "arrival_time"=>"Time.now + 1.day", "departure_time"=>"Time.now + 3.hours ", "arrival_airport"=>"ATL", "departure_airport"=>"ORD", "boarding_time"=>"Time.now + 4.hours"}
Can't verify CSRF token authenticity.
  [1m[35m (0.1ms)[0m  [1m[35mBEGIN[0m
  ↳ app/controllers/api/trips_controller.rb:18
  [1m[36mFlight Create (0.2ms)[0m  [1m[32mINSERT INTO "flights" ("status", "airline", "arrival_airport", "departure_airport", "created_at", "updated_at") VALUES ($1, $2, $3, $4, $5, $6) RETURNING "id"[0m  [["status", "delayed"], ["airline", "United Airlines"], ["arrival_airport", "ATL"], ["departure_airport", "ORD"], ["created_at", "2019-06-12 03:31:35.484181"], ["updated_at", "2019-06-12 03:31:35.484181"]]
  ↳ app/controllers/api/trips_controller.rb:18
  [1m[35m (0.2ms)[0m  [1m[35mCOMMIT[0m
  ↳ app/controllers/api/trips_controller.rb:18
  Rendering api/trips/show.json.jbuilder
  Rendered api/trips/show.json.jbuilder (3.5ms)
Completed 500 Internal Server Error in 9ms (ActiveRecord: 0.5ms)


  
ActionView::Template::Error (Missing partial api/flights/_flight with {:locale=>[:en], :formats=>[:json, :html, :text, :js, :css, :ics, :csv, :vcf, :vtt, :png, :jpeg, :gif, :bmp, :tiff, :svg, :mpeg, :mp3, :ogg, :m4a, :webm, :mp4, :otf, :ttf, :woff, :woff2, :xml, :rss, :atom, :yaml, :multipart_form, :url_encoded_form, :pdf, :zip, :gzip], :variants=>[], :handlers=>[:jbuilder]}. Searched in:
  * "/Users/abrahamkim/Desktop/group_project/tripper_app/app/views"
):
    1: json.partial! @flight, partial: 'trip', as: :flight
  
app/views/api/trips/show.json.jbuilder:1:in `_app_views_api_trips_show_json_jbuilder__1266929682902931736_70223472068080'
app/controllers/api/trips_controller.rb:19:in `create'
Started POST "/api/trips" for ::1 at 2019-06-11 22:31:43 -0500
Processing by Api::TripsController#create as */*
  Parameters: {"status"=>"delayed", "airline"=>"United Airlines", "arrival_time"=>"Time.now + 1.day", "departure_time"=>"Time.now + 3.hours ", "arrival_airport"=>"ATL", "departure_airport"=>"ORD", "boarding_time"=>"Time.now + 4.hours"}
Can't verify CSRF token authenticity.
  [1m[35m (0.1ms)[0m  [1m[35mBEGIN[0m
  ↳ app/controllers/api/trips_controller.rb:18
  [1m[36mFlight Create (0.2ms)[0m  [1m[32mINSERT INTO "flights" ("status", "airline", "arrival_airport", "departure_airport", "created_at", "updated_at") VALUES ($1, $2, $3, $4, $5, $6) RETURNING "id"[0m  [["status", "delayed"], ["airline", "United Airlines"], ["arrival_airport", "ATL"], ["departure_airport", "ORD"], ["created_at", "2019-06-12 03:31:43.359528"], ["updated_at", "2019-06-12 03:31:43.359528"]]
  ↳ app/controllers/api/trips_controller.rb:18
  [1m[35m (0.3ms)[0m  [1m[35mCOMMIT[0m
  ↳ app/controllers/api/trips_controller.rb:18
  Rendering api/trips/show.json.jbuilder
  Rendered api/trips/show.json.jbuilder (3.3ms)
Completed 500 Internal Server Error in 9ms (ActiveRecord: 0.6ms)


  
ActionView::Template::Error (Missing partial api/flights/_flight with {:locale=>[:en], :formats=>[:json, :html, :text, :js, :css, :ics, :csv, :vcf, :vtt, :png, :jpeg, :gif, :bmp, :tiff, :svg, :mpeg, :mp3, :ogg, :m4a, :webm, :mp4, :otf, :ttf, :woff, :woff2, :xml, :rss, :atom, :yaml, :multipart_form, :url_encoded_form, :pdf, :zip, :gzip], :variants=>[], :handlers=>[:jbuilder]}. Searched in:
  * "/Users/abrahamkim/Desktop/group_project/tripper_app/app/views"
):
    1: json.partial! @flight, partial: 'trip', as: :trip
  
app/views/api/trips/show.json.jbuilder:1:in `_app_views_api_trips_show_json_jbuilder__1266929682902931736_70223471237600'
app/controllers/api/trips_controller.rb:19:in `create'
Started POST "/api/trips" for ::1 at 2019-06-11 22:33:25 -0500
Processing by Api::TripsController#create as */*
  Parameters: {"status"=>"delayed", "airline"=>"United Airlines", "arrival_time"=>"Time.now + 1.day", "departure_time"=>"Time.now + 3.hours ", "arrival_airport"=>"ATL", "departure_airport"=>"ORD", "boarding_time"=>"Time.now + 4.hours"}
Can't verify CSRF token authenticity.
  [1m[35m (0.1ms)[0m  [1m[35mBEGIN[0m
  ↳ app/controllers/api/trips_controller.rb:18
  [1m[36mFlight Create (0.2ms)[0m  [1m[32mINSERT INTO "flights" ("status", "airline", "arrival_airport", "departure_airport", "created_at", "updated_at") VALUES ($1, $2, $3, $4, $5, $6) RETURNING "id"[0m  [["status", "delayed"], ["airline", "United Airlines"], ["arrival_airport", "ATL"], ["departure_airport", "ORD"], ["created_at", "2019-06-12 03:33:25.135120"], ["updated_at", "2019-06-12 03:33:25.135120"]]
  ↳ app/controllers/api/trips_controller.rb:18
  [1m[35m (0.2ms)[0m  [1m[35mCOMMIT[0m
  ↳ app/controllers/api/trips_controller.rb:18
  Rendering api/trips/show.json.jbuilder
  Rendered api/trips/show.json.jbuilder (3.2ms)
Completed 500 Internal Server Error in 9ms (ActiveRecord: 0.6ms)


  
ActionView::Template::Error (Missing partial api/flights/_flight with {:locale=>[:en], :formats=>[:json, :html, :text, :js, :css, :ics, :csv, :vcf, :vtt, :png, :jpeg, :gif, :bmp, :tiff, :svg, :mpeg, :mp3, :ogg, :m4a, :webm, :mp4, :otf, :ttf, :woff, :woff2, :xml, :rss, :atom, :yaml, :multipart_form, :url_encoded_form, :pdf, :zip, :gzip], :variants=>[], :handlers=>[:jbuilder]}. Searched in:
  * "/Users/abrahamkim/Desktop/group_project/tripper_app/app/views"
):
    1: json.partial! @flight, partial: "trip", as: :trip
  
app/views/api/trips/show.json.jbuilder:1:in `_app_views_api_trips_show_json_jbuilder__1266929682902931736_70223518050760'
app/controllers/api/trips_controller.rb:19:in `create'
Started POST "/api/trips" for ::1 at 2019-06-11 22:33:32 -0500
Processing by Api::TripsController#create as */*
  Parameters: {"status"=>"delayed", "airline"=>"United Airlines", "arrival_time"=>"Time.now + 1.day", "departure_time"=>"Time.now + 3.hours ", "arrival_airport"=>"ATL", "departure_airport"=>"ORD", "boarding_time"=>"Time.now + 4.hours"}
Can't verify CSRF token authenticity.
  [1m[35m (0.1ms)[0m  [1m[35mBEGIN[0m
  ↳ app/controllers/api/trips_controller.rb:18
  [1m[36mFlight Create (0.2ms)[0m  [1m[32mINSERT INTO "flights" ("status", "airline", "arrival_airport", "departure_airport", "created_at", "updated_at") VALUES ($1, $2, $3, $4, $5, $6) RETURNING "id"[0m  [["status", "delayed"], ["airline", "United Airlines"], ["arrival_airport", "ATL"], ["departure_airport", "ORD"], ["created_at", "2019-06-12 03:33:32.467182"], ["updated_at", "2019-06-12 03:33:32.467182"]]
  ↳ app/controllers/api/trips_controller.rb:18
  [1m[35m (0.2ms)[0m  [1m[35mCOMMIT[0m
  ↳ app/controllers/api/trips_controller.rb:18
  Rendering api/trips/show.json.jbuilder
  Rendered api/trips/show.json.jbuilder (3.6ms)
Completed 500 Internal Server Error in 9ms (ActiveRecord: 0.6ms)


  
ActionView::Template::Error (Missing partial api/flights/_flight with {:locale=>[:en], :formats=>[:json, :html, :text, :js, :css, :ics, :csv, :vcf, :vtt, :png, :jpeg, :gif, :bmp, :tiff, :svg, :mpeg, :mp3, :ogg, :m4a, :webm, :mp4, :otf, :ttf, :woff, :woff2, :xml, :rss, :atom, :yaml, :multipart_form, :url_encoded_form, :pdf, :zip, :gzip], :variants=>[], :handlers=>[:jbuilder]}. Searched in:
  * "/Users/abrahamkim/Desktop/group_project/tripper_app/app/views"
):
    1: json.partial! @flight, partial: "trip", as: :flight
  
app/views/api/trips/show.json.jbuilder:1:in `_app_views_api_trips_show_json_jbuilder__1266929682902931736_70223466866460'
app/controllers/api/trips_controller.rb:19:in `create'
Started POST "/api/trips" for ::1 at 2019-06-11 22:33:40 -0500
Processing by Api::TripsController#create as */*
  Parameters: {"status"=>"delayed", "airline"=>"United Airlines", "arrival_time"=>"Time.now + 1.day", "departure_time"=>"Time.now + 3.hours ", "arrival_airport"=>"ATL", "departure_airport"=>"ORD", "boarding_time"=>"Time.now + 4.hours"}
Can't verify CSRF token authenticity.
  [1m[35m (0.1ms)[0m  [1m[35mBEGIN[0m
  ↳ app/controllers/api/trips_controller.rb:18
  [1m[36mFlight Create (0.2ms)[0m  [1m[32mINSERT INTO "flights" ("status", "airline", "arrival_airport", "departure_airport", "created_at", "updated_at") VALUES ($1, $2, $3, $4, $5, $6) RETURNING "id"[0m  [["status", "delayed"], ["airline", "United Airlines"], ["arrival_airport", "ATL"], ["departure_airport", "ORD"], ["created_at", "2019-06-12 03:33:40.943697"], ["updated_at", "2019-06-12 03:33:40.943697"]]
  ↳ app/controllers/api/trips_controller.rb:18
  [1m[35m (0.3ms)[0m  [1m[35mCOMMIT[0m
  ↳ app/controllers/api/trips_controller.rb:18
  Rendering api/trips/show.json.jbuilder
  Rendered api/trips/show.json.jbuilder (3.8ms)
Completed 500 Internal Server Error in 10ms (ActiveRecord: 0.6ms)


  
ActionView::Template::Error (Missing partial api/flights/_flight with {:locale=>[:en], :formats=>[:json, :html, :text, :js, :css, :ics, :csv, :vcf, :vtt, :png, :jpeg, :gif, :bmp, :tiff, :svg, :mpeg, :mp3, :ogg, :m4a, :webm, :mp4, :otf, :ttf, :woff, :woff2, :xml, :rss, :atom, :yaml, :multipart_form, :url_encoded_form, :pdf, :zip, :gzip], :variants=>[], :handlers=>[:jbuilder]}. Searched in:
  * "/Users/abrahamkim/Desktop/group_project/tripper_app/app/views"
):
    1: json.partial! @flight, partial: "trip", as: :trip
  
app/views/api/trips/show.json.jbuilder:1:in `_app_views_api_trips_show_json_jbuilder__1266929682902931736_70223475200020'
app/controllers/api/trips_controller.rb:19:in `create'
Started POST "/api/trips" for ::1 at 2019-06-11 22:33:54 -0500
Processing by Api::TripsController#create as */*
  Parameters: {"status"=>"delayed", "airline"=>"United Airlines", "arrival_time"=>"Time.now + 1.day", "departure_time"=>"Time.now + 3.hours ", "arrival_airport"=>"ATL", "departure_airport"=>"ORD", "boarding_time"=>"Time.now + 4.hours"}
Can't verify CSRF token authenticity.
  [1m[35m (0.1ms)[0m  [1m[35mBEGIN[0m
  ↳ app/controllers/api/trips_controller.rb:18
  [1m[36mFlight Create (0.2ms)[0m  [1m[32mINSERT INTO "flights" ("status", "airline", "arrival_airport", "departure_airport", "created_at", "updated_at") VALUES ($1, $2, $3, $4, $5, $6) RETURNING "id"[0m  [["status", "delayed"], ["airline", "United Airlines"], ["arrival_airport", "ATL"], ["departure_airport", "ORD"], ["created_at", "2019-06-12 03:33:54.989626"], ["updated_at", "2019-06-12 03:33:54.989626"]]
  ↳ app/controllers/api/trips_controller.rb:18
  [1m[35m (0.3ms)[0m  [1m[35mCOMMIT[0m
  ↳ app/controllers/api/trips_controller.rb:18
  Rendering api/trips/show.json.jbuilder
  Rendered api/trips/show.json.jbuilder (3.3ms)
Completed 500 Internal Server Error in 18ms (ActiveRecord: 3.1ms)


  
ActionView::Template::Error (Missing partial api/flights/_flight with {:locale=>[:en], :formats=>[:json, :html, :text, :js, :css, :ics, :csv, :vcf, :vtt, :png, :jpeg, :gif, :bmp, :tiff, :svg, :mpeg, :mp3, :ogg, :m4a, :webm, :mp4, :otf, :ttf, :woff, :woff2, :xml, :rss, :atom, :yaml, :multipart_form, :url_encoded_form, :pdf, :zip, :gzip], :variants=>[], :handlers=>[:jbuilder]}. Searched in:
  * "/Users/abrahamkim/Desktop/group_project/tripper_app/app/views"
):
    1: json.partial! @flight, partial: "trip", as: :trip
  
app/views/api/trips/show.json.jbuilder:1:in `_app_views_api_trips_show_json_jbuilder__1266929682902931736_70223454829520'
app/controllers/api/trips_controller.rb:19:in `create'
Started POST "/api/trips" for ::1 at 2019-06-11 22:34:06 -0500
Processing by Api::TripsController#create as */*
  Parameters: {"status"=>"delayed", "airline"=>"United Airlines", "arrival_time"=>"Time.now + 1.day", "departure_time"=>"Time.now + 3.hours ", "arrival_airport"=>"ATL", "departure_airport"=>"ORD", "boarding_time"=>"Time.now + 4.hours"}
Can't verify CSRF token authenticity.
  [1m[35m (0.1ms)[0m  [1m[35mBEGIN[0m
  ↳ app/controllers/api/trips_controller.rb:18
  [1m[36mFlight Create (0.2ms)[0m  [1m[32mINSERT INTO "flights" ("status", "airline", "arrival_airport", "departure_airport", "created_at", "updated_at") VALUES ($1, $2, $3, $4, $5, $6) RETURNING "id"[0m  [["status", "delayed"], ["airline", "United Airlines"], ["arrival_airport", "ATL"], ["departure_airport", "ORD"], ["created_at", "2019-06-12 03:34:06.804556"], ["updated_at", "2019-06-12 03:34:06.804556"]]
  ↳ app/controllers/api/trips_controller.rb:18
  [1m[35m (0.3ms)[0m  [1m[35mCOMMIT[0m
  ↳ app/controllers/api/trips_controller.rb:18
  Rendering api/trips/show.json.jbuilder
  Rendered api/trips/show.json.jbuilder (3.9ms)
Completed 500 Internal Server Error in 11ms (ActiveRecord: 0.6ms)


  
ActionView::Template::Error (Missing partial api/flights/_flight with {:locale=>[:en], :formats=>[:json, :html, :text, :js, :css, :ics, :csv, :vcf, :vtt, :png, :jpeg, :gif, :bmp, :tiff, :svg, :mpeg, :mp3, :ogg, :m4a, :webm, :mp4, :otf, :ttf, :woff, :woff2, :xml, :rss, :atom, :yaml, :multipart_form, :url_encoded_form, :pdf, :zip, :gzip], :variants=>[], :handlers=>[:jbuilder]}. Searched in:
  * "/Users/abrahamkim/Desktop/group_project/tripper_app/app/views"
):
    1: json.partial! @flight, partial: "trip", as: :flight
  
app/views/api/trips/show.json.jbuilder:1:in `_app_views_api_trips_show_json_jbuilder__1266929682902931736_70223452655820'
app/controllers/api/trips_controller.rb:19:in `create'
Started POST "/api/trips" for ::1 at 2019-06-11 22:34:54 -0500
Processing by Api::TripsController#create as */*
  Parameters: {"status"=>"delayed", "airline"=>"United Airlines", "arrival_time"=>"Time.now + 1.day", "departure_time"=>"Time.now + 3.hours ", "arrival_airport"=>"ATL", "departure_airport"=>"ORD", "boarding_time"=>"Time.now + 4.hours"}
Can't verify CSRF token authenticity.
  [1m[35m (0.1ms)[0m  [1m[35mBEGIN[0m
  ↳ app/controllers/api/trips_controller.rb:18
  [1m[36mFlight Create (0.2ms)[0m  [1m[32mINSERT INTO "flights" ("status", "airline", "arrival_airport", "departure_airport", "created_at", "updated_at") VALUES ($1, $2, $3, $4, $5, $6) RETURNING "id"[0m  [["status", "delayed"], ["airline", "United Airlines"], ["arrival_airport", "ATL"], ["departure_airport", "ORD"], ["created_at", "2019-06-12 03:34:54.991759"], ["updated_at", "2019-06-12 03:34:54.991759"]]
  ↳ app/controllers/api/trips_controller.rb:18
  [1m[35m (0.3ms)[0m  [1m[35mCOMMIT[0m
  ↳ app/controllers/api/trips_controller.rb:18
  Rendering api/trips/show.json.jbuilder
  Rendered api/trips/show.json.jbuilder (3.5ms)
Completed 500 Internal Server Error in 9ms (ActiveRecord: 0.6ms)


  
ActionView::Template::Error (Missing partial api/flights/_flight with {:locale=>[:en], :formats=>[:json, :html, :text, :js, :css, :ics, :csv, :vcf, :vtt, :png, :jpeg, :gif, :bmp, :tiff, :svg, :mpeg, :mp3, :ogg, :m4a, :webm, :mp4, :otf, :ttf, :woff, :woff2, :xml, :rss, :atom, :yaml, :multipart_form, :url_encoded_form, :pdf, :zip, :gzip], :variants=>[], :handlers=>[:jbuilder]}. Searched in:
  * "/Users/abrahamkim/Desktop/group_project/tripper_app/app/views"
):
    1: json.partial! @flight, partial: "api/trips/trip", as: :flight
  
app/views/api/trips/show.json.jbuilder:1:in `_app_views_api_trips_show_json_jbuilder__1266929682902931736_70223456822560'
app/controllers/api/trips_controller.rb:19:in `create'
Started POST "/api/trips" for ::1 at 2019-06-11 22:35:08 -0500
Processing by Api::TripsController#create as */*
  Parameters: {"status"=>"delayed", "airline"=>"United Airlines", "arrival_time"=>"Time.now + 1.day", "departure_time"=>"Time.now + 3.hours ", "arrival_airport"=>"ATL", "departure_airport"=>"ORD", "boarding_time"=>"Time.now + 4.hours"}
Can't verify CSRF token authenticity.
  [1m[35m (0.1ms)[0m  [1m[35mBEGIN[0m
  ↳ app/controllers/api/trips_controller.rb:18
  [1m[36mFlight Create (0.2ms)[0m  [1m[32mINSERT INTO "flights" ("status", "airline", "arrival_airport", "departure_airport", "created_at", "updated_at") VALUES ($1, $2, $3, $4, $5, $6) RETURNING "id"[0m  [["status", "delayed"], ["airline", "United Airlines"], ["arrival_airport", "ATL"], ["departure_airport", "ORD"], ["created_at", "2019-06-12 03:35:08.606971"], ["updated_at", "2019-06-12 03:35:08.606971"]]
  ↳ app/controllers/api/trips_controller.rb:18
  [1m[35m (0.3ms)[0m  [1m[35mCOMMIT[0m
  ↳ app/controllers/api/trips_controller.rb:18
  Rendering api/trips/show.json.jbuilder
  Rendered api/trips/show.json.jbuilder (3.3ms)
Completed 500 Internal Server Error in 8ms (ActiveRecord: 0.7ms)


  
ActionView::Template::Error (Missing partial api/flights/_flight with {:locale=>[:en], :formats=>[:json, :html, :text, :js, :css, :ics, :csv, :vcf, :vtt, :png, :jpeg, :gif, :bmp, :tiff, :svg, :mpeg, :mp3, :ogg, :m4a, :webm, :mp4, :otf, :ttf, :woff, :woff2, :xml, :rss, :atom, :yaml, :multipart_form, :url_encoded_form, :pdf, :zip, :gzip], :variants=>[], :handlers=>[:jbuilder]}. Searched in:
  * "/Users/abrahamkim/Desktop/group_project/tripper_app/app/views"
):
    1: json.partial! @flight, partial: "trips/trip", as: :flight
  
app/views/api/trips/show.json.jbuilder:1:in `_app_views_api_trips_show_json_jbuilder__1266929682902931736_70223456445960'
app/controllers/api/trips_controller.rb:19:in `create'
Started POST "/api/trips" for ::1 at 2019-06-11 22:35:20 -0500
Processing by Api::TripsController#create as */*
  Parameters: {"status"=>"delayed", "airline"=>"United Airlines", "arrival_time"=>"Time.now + 1.day", "departure_time"=>"Time.now + 3.hours ", "arrival_airport"=>"ATL", "departure_airport"=>"ORD", "boarding_time"=>"Time.now + 4.hours"}
Can't verify CSRF token authenticity.
  [1m[35m (0.1ms)[0m  [1m[35mBEGIN[0m
  ↳ app/controllers/api/trips_controller.rb:18
  [1m[36mFlight Create (0.2ms)[0m  [1m[32mINSERT INTO "flights" ("status", "airline", "arrival_airport", "departure_airport", "created_at", "updated_at") VALUES ($1, $2, $3, $4, $5, $6) RETURNING "id"[0m  [["status", "delayed"], ["airline", "United Airlines"], ["arrival_airport", "ATL"], ["departure_airport", "ORD"], ["created_at", "2019-06-12 03:35:20.374939"], ["updated_at", "2019-06-12 03:35:20.374939"]]
  ↳ app/controllers/api/trips_controller.rb:18
  [1m[35m (0.2ms)[0m  [1m[35mCOMMIT[0m
  ↳ app/controllers/api/trips_controller.rb:18
  Rendering api/trips/show.json.jbuilder
  Rendered api/trips/show.json.jbuilder (3.3ms)
Completed 500 Internal Server Error in 8ms (ActiveRecord: 0.5ms)


  
ActionView::Template::Error (Missing partial api/flights/_flight with {:locale=>[:en], :formats=>[:json, :html, :text, :js, :css, :ics, :csv, :vcf, :vtt, :png, :jpeg, :gif, :bmp, :tiff, :svg, :mpeg, :mp3, :ogg, :m4a, :webm, :mp4, :otf, :ttf, :woff, :woff2, :xml, :rss, :atom, :yaml, :multipart_form, :url_encoded_form, :pdf, :zip, :gzip], :variants=>[], :handlers=>[:jbuilder]}. Searched in:
  * "/Users/abrahamkim/Desktop/group_project/tripper_app/app/views"
):
    1: json.partial! @flight, partial: "trips/trip", as: :trip
  
app/views/api/trips/show.json.jbuilder:1:in `_app_views_api_trips_show_json_jbuilder__1266929682902931736_70223456029780'
app/controllers/api/trips_controller.rb:19:in `create'
Started POST "/api/trips" for ::1 at 2019-06-11 22:35:23 -0500
Processing by Api::TripsController#create as */*
  Parameters: {"status"=>"delayed", "airline"=>"United Airlines", "arrival_time"=>"Time.now + 1.day", "departure_time"=>"Time.now + 3.hours ", "arrival_airport"=>"ATL", "departure_airport"=>"ORD", "boarding_time"=>"Time.now + 4.hours"}
Can't verify CSRF token authenticity.
  [1m[35m (0.1ms)[0m  [1m[35mBEGIN[0m
  ↳ app/controllers/api/trips_controller.rb:18
  [1m[36mFlight Create (0.2ms)[0m  [1m[32mINSERT INTO "flights" ("status", "airline", "arrival_airport", "departure_airport", "created_at", "updated_at") VALUES ($1, $2, $3, $4, $5, $6) RETURNING "id"[0m  [["status", "delayed"], ["airline", "United Airlines"], ["arrival_airport", "ATL"], ["departure_airport", "ORD"], ["created_at", "2019-06-12 03:35:23.226155"], ["updated_at", "2019-06-12 03:35:23.226155"]]
  ↳ app/controllers/api/trips_controller.rb:18
  [1m[35m (0.2ms)[0m  [1m[35mCOMMIT[0m
  ↳ app/controllers/api/trips_controller.rb:18
  Rendering api/trips/show.json.jbuilder
  Rendered api/trips/show.json.jbuilder (3.5ms)
Completed 500 Internal Server Error in 9ms (ActiveRecord: 0.5ms)


  
ActionView::Template::Error (Missing partial api/flights/_flight with {:locale=>[:en], :formats=>[:json, :html, :text, :js, :css, :ics, :csv, :vcf, :vtt, :png, :jpeg, :gif, :bmp, :tiff, :svg, :mpeg, :mp3, :ogg, :m4a, :webm, :mp4, :otf, :ttf, :woff, :woff2, :xml, :rss, :atom, :yaml, :multipart_form, :url_encoded_form, :pdf, :zip, :gzip], :variants=>[], :handlers=>[:jbuilder]}. Searched in:
  * "/Users/abrahamkim/Desktop/group_project/tripper_app/app/views"
):
    1: json.partial! @flight, partial: "trips/trip", as: :trips
  
app/views/api/trips/show.json.jbuilder:1:in `_app_views_api_trips_show_json_jbuilder__1266929682902931736_70223455667220'
app/controllers/api/trips_controller.rb:19:in `create'
Started POST "/api/trips" for ::1 at 2019-06-11 22:35:31 -0500
Processing by Api::TripsController#create as */*
  Parameters: {"status"=>"delayed", "airline"=>"United Airlines", "arrival_time"=>"Time.now + 1.day", "departure_time"=>"Time.now + 3.hours ", "arrival_airport"=>"ATL", "departure_airport"=>"ORD", "boarding_time"=>"Time.now + 4.hours"}
Can't verify CSRF token authenticity.
  [1m[35m (0.1ms)[0m  [1m[35mBEGIN[0m
  ↳ app/controllers/api/trips_controller.rb:18
  [1m[36mFlight Create (0.2ms)[0m  [1m[32mINSERT INTO "flights" ("status", "airline", "arrival_airport", "departure_airport", "created_at", "updated_at") VALUES ($1, $2, $3, $4, $5, $6) RETURNING "id"[0m  [["status", "delayed"], ["airline", "United Airlines"], ["arrival_airport", "ATL"], ["departure_airport", "ORD"], ["created_at", "2019-06-12 03:35:31.185479"], ["updated_at", "2019-06-12 03:35:31.185479"]]
  ↳ app/controllers/api/trips_controller.rb:18
  [1m[35m (0.3ms)[0m  [1m[35mCOMMIT[0m
  ↳ app/controllers/api/trips_controller.rb:18
  Rendering api/trips/show.json.jbuilder
  Rendered api/trips/show.json.jbuilder (3.9ms)
Completed 500 Internal Server Error in 10ms (ActiveRecord: 0.7ms)


  
ActionView::Template::Error (Missing partial api/flights/_flight with {:locale=>[:en], :formats=>[:json, :html, :text, :js, :css, :ics, :csv, :vcf, :vtt, :png, :jpeg, :gif, :bmp, :tiff, :svg, :mpeg, :mp3, :ogg, :m4a, :webm, :mp4, :otf, :ttf, :woff, :woff2, :xml, :rss, :atom, :yaml, :multipart_form, :url_encoded_form, :pdf, :zip, :gzip], :variants=>[], :handlers=>[:jbuilder]}. Searched in:
  * "/Users/abrahamkim/Desktop/group_project/tripper_app/app/views"
):
    1: json.partial! @flight, partial: "trip", as: :flight
  
app/views/api/trips/show.json.jbuilder:1:in `_app_views_api_trips_show_json_jbuilder__1266929682902931736_70223472215740'
app/controllers/api/trips_controller.rb:19:in `create'
Started POST "/api/trips" for ::1 at 2019-06-11 22:37:04 -0500
Processing by Api::TripsController#create as */*
  Parameters: {"status"=>"delayed", "airline"=>"United Airlines", "arrival_time"=>"Time.now + 1.day", "departure_time"=>"Time.now + 3.hours ", "arrival_airport"=>"ATL", "departure_airport"=>"ORD", "boarding_time"=>"Time.now + 4.hours"}
Can't verify CSRF token authenticity.
  [1m[35m (0.1ms)[0m  [1m[35mBEGIN[0m
  ↳ app/controllers/api/trips_controller.rb:18
  [1m[36mFlight Create (0.2ms)[0m  [1m[32mINSERT INTO "flights" ("status", "airline", "arrival_airport", "departure_airport", "created_at", "updated_at") VALUES ($1, $2, $3, $4, $5, $6) RETURNING "id"[0m  [["status", "delayed"], ["airline", "United Airlines"], ["arrival_airport", "ATL"], ["departure_airport", "ORD"], ["created_at", "2019-06-12 03:37:04.929093"], ["updated_at", "2019-06-12 03:37:04.929093"]]
  ↳ app/controllers/api/trips_controller.rb:18
  [1m[35m (0.3ms)[0m  [1m[35mCOMMIT[0m
  ↳ app/controllers/api/trips_controller.rb:18
  Rendering api/trips/show.json.jbuilder
  Rendered api/flights/_flight.json.jbuilder (0.3ms)
  Rendered api/trips/show.json.jbuilder (2.3ms)
Completed 200 OK in 8ms (Views: 6.2ms | ActiveRecord: 0.6ms)


Started GET "/api/trips" for ::1 at 2019-06-11 22:38:01 -0500
Processing by Api::TripsController#index as */*
  Parameters: {"status"=>"delayed", "airline"=>"United Airlines", "arrival_time"=>"Time.now + 1.day", "departure_time"=>"Time.now + 3.hours ", "arrival_airport"=>"ATL", "departure_airport"=>"ORD", "boarding_time"=>"Time.now + 4.hours"}
  Rendering api/trips/index.json.jbuilder
  [1m[36mFlight Load (0.4ms)[0m  [1m[34mSELECT "flights".* FROM "flights"[0m
  ↳ app/views/api/trips/index.json.jbuilder:1
  Rendered api/trips/_trip.json.jbuilder (0.3ms)
  Rendered api/trips/_trip.json.jbuilder (0.1ms)
  Rendered api/trips/_trip.json.jbuilder (0.1ms)
  Rendered api/trips/_trip.json.jbuilder (0.0ms)
  Rendered api/trips/_trip.json.jbuilder (0.0ms)
  Rendered api/trips/_trip.json.jbuilder (0.0ms)
  Rendered api/trips/_trip.json.jbuilder (0.0ms)
  Rendered api/trips/_trip.json.jbuilder (0.0ms)
  Rendered api/trips/_trip.json.jbuilder (0.0ms)
  Rendered api/trips/_trip.json.jbuilder (0.0ms)
  Rendered api/trips/_trip.json.jbuilder (0.0ms)
  Rendered api/trips/_trip.json.jbuilder (0.1ms)
  Rendered api/trips/_trip.json.jbuilder (0.1ms)
  Rendered api/trips/_trip.json.jbuilder (0.1ms)
  Rendered api/trips/_trip.json.jbuilder (0.0ms)
  Rendered api/trips/_trip.json.jbuilder (0.0ms)
  Rendered api/trips/_trip.json.jbuilder (0.0ms)
  Rendered api/trips/_trip.json.jbuilder (0.0ms)
  Rendered api/trips/_trip.json.jbuilder (0.0ms)
  Rendered api/trips/_trip.json.jbuilder (0.0ms)
  Rendered api/trips/_trip.json.jbuilder (0.0ms)
  Rendered api/trips/index.json.jbuilder (27.0ms)
Completed 200 OK in 34ms (Views: 29.9ms | ActiveRecord: 2.7ms)


Started DELETE "/api/trips/21" for ::1 at 2019-06-11 22:42:27 -0500
Processing by Api::TripsController#destroy as */*
  Parameters: {"status"=>"delayed", "airline"=>"United Airlines", "arrival_time"=>"Time.now + 1.day", "departure_time"=>"Time.now + 3.hours ", "arrival_airport"=>"ATL", "departure_airport"=>"ORD", "boarding_time"=>"Time.now + 4.hours", "id"=>"21"}
Can't verify CSRF token authenticity.
  [1m[36mFlight Load (0.2ms)[0m  [1m[34mSELECT  "flights".* FROM "flights" WHERE "flights"."id" = $1 LIMIT $2[0m  [["id", 21], ["LIMIT", 1]]
  ↳ app/controllers/api/trips_controller.rb:49
  [1m[35m (0.1ms)[0m  [1m[35mBEGIN[0m
  ↳ app/controllers/api/trips_controller.rb:50
  [1m[36mFlight Destroy (0.2ms)[0m  [1m[31mDELETE FROM "flights" WHERE "flights"."id" = $1[0m  [["id", 21]]
  ↳ app/controllers/api/trips_controller.rb:50
  [1m[35m (0.3ms)[0m  [1m[35mCOMMIT[0m
  ↳ app/controllers/api/trips_controller.rb:50
Completed 200 OK in 12ms (Views: 0.1ms | ActiveRecord: 3.1ms)


Started DELETE "/api/trips/20" for ::1 at 2019-06-11 22:42:29 -0500
Processing by Api::TripsController#destroy as */*
  Parameters: {"status"=>"delayed", "airline"=>"United Airlines", "arrival_time"=>"Time.now + 1.day", "departure_time"=>"Time.now + 3.hours ", "arrival_airport"=>"ATL", "departure_airport"=>"ORD", "boarding_time"=>"Time.now + 4.hours", "id"=>"20"}
Can't verify CSRF token authenticity.
  [1m[36mFlight Load (0.2ms)[0m  [1m[34mSELECT  "flights".* FROM "flights" WHERE "flights"."id" = $1 LIMIT $2[0m  [["id", 20], ["LIMIT", 1]]
  ↳ app/controllers/api/trips_controller.rb:49
  [1m[35m (0.1ms)[0m  [1m[35mBEGIN[0m
  ↳ app/controllers/api/trips_controller.rb:50
  [1m[36mFlight Destroy (0.2ms)[0m  [1m[31mDELETE FROM "flights" WHERE "flights"."id" = $1[0m  [["id", 20]]
  ↳ app/controllers/api/trips_controller.rb:50
  [1m[35m (0.3ms)[0m  [1m[35mCOMMIT[0m
  ↳ app/controllers/api/trips_controller.rb:50
Completed 200 OK in 2ms (Views: 0.1ms | ActiveRecord: 0.7ms)


Started DELETE "/api/trips/19" for ::1 at 2019-06-11 22:42:31 -0500
Processing by Api::TripsController#destroy as */*
  Parameters: {"status"=>"delayed", "airline"=>"United Airlines", "arrival_time"=>"Time.now + 1.day", "departure_time"=>"Time.now + 3.hours ", "arrival_airport"=>"ATL", "departure_airport"=>"ORD", "boarding_time"=>"Time.now + 4.hours", "id"=>"19"}
Can't verify CSRF token authenticity.
  [1m[36mFlight Load (0.2ms)[0m  [1m[34mSELECT  "flights".* FROM "flights" WHERE "flights"."id" = $1 LIMIT $2[0m  [["id", 19], ["LIMIT", 1]]
  ↳ app/controllers/api/trips_controller.rb:49
  [1m[35m (0.1ms)[0m  [1m[35mBEGIN[0m
  ↳ app/controllers/api/trips_controller.rb:50
  [1m[36mFlight Destroy (0.2ms)[0m  [1m[31mDELETE FROM "flights" WHERE "flights"."id" = $1[0m  [["id", 19]]
  ↳ app/controllers/api/trips_controller.rb:50
  [1m[35m (0.3ms)[0m  [1m[35mCOMMIT[0m
  ↳ app/controllers/api/trips_controller.rb:50
Completed 200 OK in 2ms (Views: 0.1ms | ActiveRecord: 0.8ms)


Started DELETE "/api/trips/18" for ::1 at 2019-06-11 22:42:33 -0500
Processing by Api::TripsController#destroy as */*
  Parameters: {"status"=>"delayed", "airline"=>"United Airlines", "arrival_time"=>"Time.now + 1.day", "departure_time"=>"Time.now + 3.hours ", "arrival_airport"=>"ATL", "departure_airport"=>"ORD", "boarding_time"=>"Time.now + 4.hours", "id"=>"18"}
Can't verify CSRF token authenticity.
  [1m[36mFlight Load (0.2ms)[0m  [1m[34mSELECT  "flights".* FROM "flights" WHERE "flights"."id" = $1 LIMIT $2[0m  [["id", 18], ["LIMIT", 1]]
  ↳ app/controllers/api/trips_controller.rb:49
  [1m[35m (0.1ms)[0m  [1m[35mBEGIN[0m
  ↳ app/controllers/api/trips_controller.rb:50
  [1m[36mFlight Destroy (0.2ms)[0m  [1m[31mDELETE FROM "flights" WHERE "flights"."id" = $1[0m  [["id", 18]]
  ↳ app/controllers/api/trips_controller.rb:50
  [1m[35m (0.3ms)[0m  [1m[35mCOMMIT[0m
  ↳ app/controllers/api/trips_controller.rb:50
Completed 200 OK in 2ms (Views: 0.1ms | ActiveRecord: 0.7ms)


Started DELETE "/api/trips/17" for ::1 at 2019-06-11 22:42:34 -0500
Processing by Api::TripsController#destroy as */*
  Parameters: {"status"=>"delayed", "airline"=>"United Airlines", "arrival_time"=>"Time.now + 1.day", "departure_time"=>"Time.now + 3.hours ", "arrival_airport"=>"ATL", "departure_airport"=>"ORD", "boarding_time"=>"Time.now + 4.hours", "id"=>"17"}
Can't verify CSRF token authenticity.
  [1m[36mFlight Load (0.4ms)[0m  [1m[34mSELECT  "flights".* FROM "flights" WHERE "flights"."id" = $1 LIMIT $2[0m  [["id", 17], ["LIMIT", 1]]
  ↳ app/controllers/api/trips_controller.rb:49
  [1m[35m (0.1ms)[0m  [1m[35mBEGIN[0m
  ↳ app/controllers/api/trips_controller.rb:50
  [1m[36mFlight Destroy (0.2ms)[0m  [1m[31mDELETE FROM "flights" WHERE "flights"."id" = $1[0m  [["id", 17]]
  ↳ app/controllers/api/trips_controller.rb:50
  [1m[35m (3.0ms)[0m  [1m[35mCOMMIT[0m
  ↳ app/controllers/api/trips_controller.rb:50
Completed 200 OK in 5ms (Views: 0.1ms | ActiveRecord: 3.6ms)


Started DELETE "/api/trips/16" for ::1 at 2019-06-11 22:42:36 -0500
Processing by Api::TripsController#destroy as */*
  Parameters: {"status"=>"delayed", "airline"=>"United Airlines", "arrival_time"=>"Time.now + 1.day", "departure_time"=>"Time.now + 3.hours ", "arrival_airport"=>"ATL", "departure_airport"=>"ORD", "boarding_time"=>"Time.now + 4.hours", "id"=>"16"}
Can't verify CSRF token authenticity.
  [1m[36mFlight Load (0.2ms)[0m  [1m[34mSELECT  "flights".* FROM "flights" WHERE "flights"."id" = $1 LIMIT $2[0m  [["id", 16], ["LIMIT", 1]]
  ↳ app/controllers/api/trips_controller.rb:49
  [1m[35m (0.1ms)[0m  [1m[35mBEGIN[0m
  ↳ app/controllers/api/trips_controller.rb:50
  [1m[36mFlight Destroy (0.2ms)[0m  [1m[31mDELETE FROM "flights" WHERE "flights"."id" = $1[0m  [["id", 16]]
  ↳ app/controllers/api/trips_controller.rb:50
  [1m[35m (0.3ms)[0m  [1m[35mCOMMIT[0m
  ↳ app/controllers/api/trips_controller.rb:50
Completed 200 OK in 2ms (Views: 0.1ms | ActiveRecord: 0.8ms)


Started DELETE "/api/trips/15" for ::1 at 2019-06-11 22:42:37 -0500
Processing by Api::TripsController#destroy as */*
  Parameters: {"status"=>"delayed", "airline"=>"United Airlines", "arrival_time"=>"Time.now + 1.day", "departure_time"=>"Time.now + 3.hours ", "arrival_airport"=>"ATL", "departure_airport"=>"ORD", "boarding_time"=>"Time.now + 4.hours", "id"=>"15"}
Can't verify CSRF token authenticity.
  [1m[36mFlight Load (0.1ms)[0m  [1m[34mSELECT  "flights".* FROM "flights" WHERE "flights"."id" = $1 LIMIT $2[0m  [["id", 15], ["LIMIT", 1]]
  ↳ app/controllers/api/trips_controller.rb:49
  [1m[35m (0.1ms)[0m  [1m[35mBEGIN[0m
  ↳ app/controllers/api/trips_controller.rb:50
  [1m[36mFlight Destroy (0.2ms)[0m  [1m[31mDELETE FROM "flights" WHERE "flights"."id" = $1[0m  [["id", 15]]
  ↳ app/controllers/api/trips_controller.rb:50
  [1m[35m (0.3ms)[0m  [1m[35mCOMMIT[0m
  ↳ app/controllers/api/trips_controller.rb:50
Completed 200 OK in 2ms (Views: 0.1ms | ActiveRecord: 0.7ms)


Started DELETE "/api/trips/14" for ::1 at 2019-06-11 22:42:39 -0500
Processing by Api::TripsController#destroy as */*
  Parameters: {"status"=>"delayed", "airline"=>"United Airlines", "arrival_time"=>"Time.now + 1.day", "departure_time"=>"Time.now + 3.hours ", "arrival_airport"=>"ATL", "departure_airport"=>"ORD", "boarding_time"=>"Time.now + 4.hours", "id"=>"14"}
Can't verify CSRF token authenticity.
  [1m[36mFlight Load (0.2ms)[0m  [1m[34mSELECT  "flights".* FROM "flights" WHERE "flights"."id" = $1 LIMIT $2[0m  [["id", 14], ["LIMIT", 1]]
  ↳ app/controllers/api/trips_controller.rb:49
  [1m[35m (0.1ms)[0m  [1m[35mBEGIN[0m
  ↳ app/controllers/api/trips_controller.rb:50
  [1m[36mFlight Destroy (0.2ms)[0m  [1m[31mDELETE FROM "flights" WHERE "flights"."id" = $1[0m  [["id", 14]]
  ↳ app/controllers/api/trips_controller.rb:50
  [1m[35m (0.3ms)[0m  [1m[35mCOMMIT[0m
  ↳ app/controllers/api/trips_controller.rb:50
Completed 200 OK in 2ms (Views: 0.1ms | ActiveRecord: 0.8ms)


Started DELETE "/api/trips/13" for ::1 at 2019-06-11 22:42:40 -0500
Processing by Api::TripsController#destroy as */*
  Parameters: {"status"=>"delayed", "airline"=>"United Airlines", "arrival_time"=>"Time.now + 1.day", "departure_time"=>"Time.now + 3.hours ", "arrival_airport"=>"ATL", "departure_airport"=>"ORD", "boarding_time"=>"Time.now + 4.hours", "id"=>"13"}
Can't verify CSRF token authenticity.
  [1m[36mFlight Load (0.2ms)[0m  [1m[34mSELECT  "flights".* FROM "flights" WHERE "flights"."id" = $1 LIMIT $2[0m  [["id", 13], ["LIMIT", 1]]
  ↳ app/controllers/api/trips_controller.rb:49
  [1m[35m (0.1ms)[0m  [1m[35mBEGIN[0m
  ↳ app/controllers/api/trips_controller.rb:50
  [1m[36mFlight Destroy (0.2ms)[0m  [1m[31mDELETE FROM "flights" WHERE "flights"."id" = $1[0m  [["id", 13]]
  ↳ app/controllers/api/trips_controller.rb:50
  [1m[35m (0.3ms)[0m  [1m[35mCOMMIT[0m
  ↳ app/controllers/api/trips_controller.rb:50
Completed 200 OK in 2ms (Views: 0.1ms | ActiveRecord: 0.7ms)


Started DELETE "/api/trips/12" for ::1 at 2019-06-11 22:42:42 -0500
Processing by Api::TripsController#destroy as */*
  Parameters: {"status"=>"delayed", "airline"=>"United Airlines", "arrival_time"=>"Time.now + 1.day", "departure_time"=>"Time.now + 3.hours ", "arrival_airport"=>"ATL", "departure_airport"=>"ORD", "boarding_time"=>"Time.now + 4.hours", "id"=>"12"}
Can't verify CSRF token authenticity.
  [1m[36mFlight Load (0.1ms)[0m  [1m[34mSELECT  "flights".* FROM "flights" WHERE "flights"."id" = $1 LIMIT $2[0m  [["id", 12], ["LIMIT", 1]]
  ↳ app/controllers/api/trips_controller.rb:49
  [1m[35m (0.1ms)[0m  [1m[35mBEGIN[0m
  ↳ app/controllers/api/trips_controller.rb:50
  [1m[36mFlight Destroy (0.2ms)[0m  [1m[31mDELETE FROM "flights" WHERE "flights"."id" = $1[0m  [["id", 12]]
  ↳ app/controllers/api/trips_controller.rb:50
  [1m[35m (0.3ms)[0m  [1m[35mCOMMIT[0m
  ↳ app/controllers/api/trips_controller.rb:50
Completed 200 OK in 2ms (Views: 0.1ms | ActiveRecord: 0.7ms)


Started DELETE "/api/trips/11" for ::1 at 2019-06-11 22:42:43 -0500
Processing by Api::TripsController#destroy as */*
  Parameters: {"status"=>"delayed", "airline"=>"United Airlines", "arrival_time"=>"Time.now + 1.day", "departure_time"=>"Time.now + 3.hours ", "arrival_airport"=>"ATL", "departure_airport"=>"ORD", "boarding_time"=>"Time.now + 4.hours", "id"=>"11"}
Can't verify CSRF token authenticity.
  [1m[36mFlight Load (0.2ms)[0m  [1m[34mSELECT  "flights".* FROM "flights" WHERE "flights"."id" = $1 LIMIT $2[0m  [["id", 11], ["LIMIT", 1]]
  ↳ app/controllers/api/trips_controller.rb:49
  [1m[35m (0.1ms)[0m  [1m[35mBEGIN[0m
  ↳ app/controllers/api/trips_controller.rb:50
  [1m[36mFlight Destroy (0.2ms)[0m  [1m[31mDELETE FROM "flights" WHERE "flights"."id" = $1[0m  [["id", 11]]
  ↳ app/controllers/api/trips_controller.rb:50
  [1m[35m (0.3ms)[0m  [1m[35mCOMMIT[0m
  ↳ app/controllers/api/trips_controller.rb:50
Completed 200 OK in 2ms (Views: 0.1ms | ActiveRecord: 0.7ms)


Started DELETE "/api/trips/10" for ::1 at 2019-06-11 22:42:45 -0500
Processing by Api::TripsController#destroy as */*
  Parameters: {"status"=>"delayed", "airline"=>"United Airlines", "arrival_time"=>"Time.now + 1.day", "departure_time"=>"Time.now + 3.hours ", "arrival_airport"=>"ATL", "departure_airport"=>"ORD", "boarding_time"=>"Time.now + 4.hours", "id"=>"10"}
Can't verify CSRF token authenticity.
  [1m[36mFlight Load (0.1ms)[0m  [1m[34mSELECT  "flights".* FROM "flights" WHERE "flights"."id" = $1 LIMIT $2[0m  [["id", 10], ["LIMIT", 1]]
  ↳ app/controllers/api/trips_controller.rb:49
  [1m[35m (0.1ms)[0m  [1m[35mBEGIN[0m
  ↳ app/controllers/api/trips_controller.rb:50
  [1m[36mFlight Destroy (0.2ms)[0m  [1m[31mDELETE FROM "flights" WHERE "flights"."id" = $1[0m  [["id", 10]]
  ↳ app/controllers/api/trips_controller.rb:50
  [1m[35m (0.2ms)[0m  [1m[35mCOMMIT[0m
  ↳ app/controllers/api/trips_controller.rb:50
Completed 200 OK in 2ms (Views: 0.1ms | ActiveRecord: 0.7ms)


Started DELETE "/api/trips/9" for ::1 at 2019-06-11 22:42:47 -0500
Processing by Api::TripsController#destroy as */*
  Parameters: {"status"=>"delayed", "airline"=>"United Airlines", "arrival_time"=>"Time.now + 1.day", "departure_time"=>"Time.now + 3.hours ", "arrival_airport"=>"ATL", "departure_airport"=>"ORD", "boarding_time"=>"Time.now + 4.hours", "id"=>"9"}
Can't verify CSRF token authenticity.
  [1m[36mFlight Load (0.1ms)[0m  [1m[34mSELECT  "flights".* FROM "flights" WHERE "flights"."id" = $1 LIMIT $2[0m  [["id", 9], ["LIMIT", 1]]
  ↳ app/controllers/api/trips_controller.rb:49
  [1m[35m (0.1ms)[0m  [1m[35mBEGIN[0m
  ↳ app/controllers/api/trips_controller.rb:50
  [1m[36mFlight Destroy (0.2ms)[0m  [1m[31mDELETE FROM "flights" WHERE "flights"."id" = $1[0m  [["id", 9]]
  ↳ app/controllers/api/trips_controller.rb:50
  [1m[35m (0.3ms)[0m  [1m[35mCOMMIT[0m
  ↳ app/controllers/api/trips_controller.rb:50
Completed 200 OK in 2ms (Views: 0.1ms | ActiveRecord: 0.7ms)


Started DELETE "/api/trips/8" for ::1 at 2019-06-11 22:42:48 -0500
Processing by Api::TripsController#destroy as */*
  Parameters: {"status"=>"delayed", "airline"=>"United Airlines", "arrival_time"=>"Time.now + 1.day", "departure_time"=>"Time.now + 3.hours ", "arrival_airport"=>"ATL", "departure_airport"=>"ORD", "boarding_time"=>"Time.now + 4.hours", "id"=>"8"}
Can't verify CSRF token authenticity.
  [1m[36mFlight Load (0.1ms)[0m  [1m[34mSELECT  "flights".* FROM "flights" WHERE "flights"."id" = $1 LIMIT $2[0m  [["id", 8], ["LIMIT", 1]]
  ↳ app/controllers/api/trips_controller.rb:49
  [1m[35m (0.1ms)[0m  [1m[35mBEGIN[0m
  ↳ app/controllers/api/trips_controller.rb:50
  [1m[36mFlight Destroy (0.3ms)[0m  [1m[31mDELETE FROM "flights" WHERE "flights"."id" = $1[0m  [["id", 8]]
  ↳ app/controllers/api/trips_controller.rb:50
  [1m[35m (0.3ms)[0m  [1m[35mCOMMIT[0m
  ↳ app/controllers/api/trips_controller.rb:50
Completed 200 OK in 2ms (Views: 0.1ms | ActiveRecord: 0.8ms)


Started DELETE "/api/trips/7" for ::1 at 2019-06-11 22:42:50 -0500
Processing by Api::TripsController#destroy as */*
  Parameters: {"status"=>"delayed", "airline"=>"United Airlines", "arrival_time"=>"Time.now + 1.day", "departure_time"=>"Time.now + 3.hours ", "arrival_airport"=>"ATL", "departure_airport"=>"ORD", "boarding_time"=>"Time.now + 4.hours", "id"=>"7"}
Can't verify CSRF token authenticity.
  [1m[36mFlight Load (0.1ms)[0m  [1m[34mSELECT  "flights".* FROM "flights" WHERE "flights"."id" = $1 LIMIT $2[0m  [["id", 7], ["LIMIT", 1]]
  ↳ app/controllers/api/trips_controller.rb:49
  [1m[35m (0.1ms)[0m  [1m[35mBEGIN[0m
  ↳ app/controllers/api/trips_controller.rb:50
  [1m[36mFlight Destroy (0.2ms)[0m  [1m[31mDELETE FROM "flights" WHERE "flights"."id" = $1[0m  [["id", 7]]
  ↳ app/controllers/api/trips_controller.rb:50
  [1m[35m (0.2ms)[0m  [1m[35mCOMMIT[0m
  ↳ app/controllers/api/trips_controller.rb:50
Completed 200 OK in 2ms (Views: 0.1ms | ActiveRecord: 0.6ms)


Started DELETE "/api/trips/6" for ::1 at 2019-06-11 22:42:51 -0500
Processing by Api::TripsController#destroy as */*
  Parameters: {"status"=>"delayed", "airline"=>"United Airlines", "arrival_time"=>"Time.now + 1.day", "departure_time"=>"Time.now + 3.hours ", "arrival_airport"=>"ATL", "departure_airport"=>"ORD", "boarding_time"=>"Time.now + 4.hours", "id"=>"6"}
Can't verify CSRF token authenticity.
  [1m[36mFlight Load (0.1ms)[0m  [1m[34mSELECT  "flights".* FROM "flights" WHERE "flights"."id" = $1 LIMIT $2[0m  [["id", 6], ["LIMIT", 1]]
  ↳ app/controllers/api/trips_controller.rb:49
  [1m[35m (0.1ms)[0m  [1m[35mBEGIN[0m
  ↳ app/controllers/api/trips_controller.rb:50
  [1m[36mFlight Destroy (0.2ms)[0m  [1m[31mDELETE FROM "flights" WHERE "flights"."id" = $1[0m  [["id", 6]]
  ↳ app/controllers/api/trips_controller.rb:50
  [1m[35m (0.3ms)[0m  [1m[35mCOMMIT[0m
  ↳ app/controllers/api/trips_controller.rb:50
Completed 200 OK in 2ms (Views: 0.1ms | ActiveRecord: 0.7ms)


Started DELETE "/api/trips/5" for ::1 at 2019-06-11 22:42:53 -0500
Processing by Api::TripsController#destroy as */*
  Parameters: {"status"=>"delayed", "airline"=>"United Airlines", "arrival_time"=>"Time.now + 1.day", "departure_time"=>"Time.now + 3.hours ", "arrival_airport"=>"ATL", "departure_airport"=>"ORD", "boarding_time"=>"Time.now + 4.hours", "id"=>"5"}
Can't verify CSRF token authenticity.
  [1m[36mFlight Load (0.1ms)[0m  [1m[34mSELECT  "flights".* FROM "flights" WHERE "flights"."id" = $1 LIMIT $2[0m  [["id", 5], ["LIMIT", 1]]
  ↳ app/controllers/api/trips_controller.rb:49
  [1m[35m (0.1ms)[0m  [1m[35mBEGIN[0m
  ↳ app/controllers/api/trips_controller.rb:50
  [1m[36mFlight Destroy (0.2ms)[0m  [1m[31mDELETE FROM "flights" WHERE "flights"."id" = $1[0m  [["id", 5]]
  ↳ app/controllers/api/trips_controller.rb:50
  [1m[35m (0.2ms)[0m  [1m[35mCOMMIT[0m
  ↳ app/controllers/api/trips_controller.rb:50
Completed 200 OK in 2ms (Views: 0.1ms | ActiveRecord: 0.6ms)


Started GET "/api/trips" for ::1 at 2019-06-11 22:42:56 -0500
Processing by Api::TripsController#index as */*
  Parameters: {"status"=>"delayed", "airline"=>"United Airlines", "arrival_time"=>"Time.now + 1.day", "departure_time"=>"Time.now + 3.hours ", "arrival_airport"=>"ATL", "departure_airport"=>"ORD", "boarding_time"=>"Time.now + 4.hours"}
  Rendering api/trips/index.json.jbuilder
  [1m[36mFlight Load (0.2ms)[0m  [1m[34mSELECT "flights".* FROM "flights"[0m
  ↳ app/views/api/trips/index.json.jbuilder:1
  Rendered api/trips/_trip.json.jbuilder (0.4ms)
  Rendered api/trips/_trip.json.jbuilder (0.1ms)
  Rendered api/trips/_trip.json.jbuilder (0.1ms)
  Rendered api/trips/_trip.json.jbuilder (0.1ms)
  Rendered api/trips/index.json.jbuilder (5.1ms)
Completed 200 OK in 9ms (Views: 8.6ms | ActiveRecord: 0.2ms)


Started PATCH "/api/trips" for ::1 at 2019-06-11 22:43:41 -0500
  
ActionController::RoutingError (No route matches [PATCH] "/api/trips"):
  
actionpack (5.2.3) lib/action_dispatch/middleware/debug_exceptions.rb:65:in `call'
web-console (3.7.0) lib/web_console/middleware.rb:135:in `call_app'
web-console (3.7.0) lib/web_console/middleware.rb:30:in `block in call'
web-console (3.7.0) lib/web_console/middleware.rb:20:in `catch'
web-console (3.7.0) lib/web_console/middleware.rb:20:in `call'
actionpack (5.2.3) lib/action_dispatch/middleware/show_exceptions.rb:33:in `call'
railties (5.2.3) lib/rails/rack/logger.rb:38:in `call_app'
railties (5.2.3) lib/rails/rack/logger.rb:26:in `block in call'
activesupport (5.2.3) lib/active_support/tagged_logging.rb:71:in `block in tagged'
activesupport (5.2.3) lib/active_support/tagged_logging.rb:28:in `tagged'
activesupport (5.2.3) lib/active_support/tagged_logging.rb:71:in `tagged'
railties (5.2.3) lib/rails/rack/logger.rb:26:in `call'
sprockets-rails (3.2.1) lib/sprockets/rails/quiet_assets.rb:13:in `call'
actionpack (5.2.3) lib/action_dispatch/middleware/remote_ip.rb:81:in `call'
actionpack (5.2.3) lib/action_dispatch/middleware/request_id.rb:27:in `call'
rack (2.0.7) lib/rack/method_override.rb:22:in `call'
rack (2.0.7) lib/rack/runtime.rb:22:in `call'
activesupport (5.2.3) lib/active_support/cache/strategy/local_cache_middleware.rb:29:in `call'
actionpack (5.2.3) lib/action_dispatch/middleware/executor.rb:14:in `call'
actionpack (5.2.3) lib/action_dispatch/middleware/static.rb:127:in `call'
rack (2.0.7) lib/rack/sendfile.rb:111:in `call'
railties (5.2.3) lib/rails/engine.rb:524:in `call'
puma (3.12.1) lib/puma/configuration.rb:227:in `call'
puma (3.12.1) lib/puma/server.rb:660:in `handle_request'
puma (3.12.1) lib/puma/server.rb:474:in `process_client'
puma (3.12.1) lib/puma/server.rb:334:in `block in run'
puma (3.12.1) lib/puma/thread_pool.rb:135:in `block in spawn_thread'
Started PATCH "/api/trips/4" for ::1 at 2019-06-11 22:43:58 -0500
Processing by Api::TripsController#update as */*
  Parameters: {"status"=>"delayed", "airline"=>"United Airlines", "arrival_time"=>"2019-06-12T01:57:50.100Z", "departure_time"=>"2019-06-11T02:57:50.100Z", "arrival_airport"=>"ATL", "departure_airport"=>"ORD", "boarding_time"=>"2019-06-11T01:57:50.100Z", "id"=>"4"}
Can't verify CSRF token authenticity.
  [1m[36mFlight Load (0.2ms)[0m  [1m[34mSELECT  "flights".* FROM "flights" WHERE "flights"."id" = $1 LIMIT $2[0m  [["id", 4], ["LIMIT", 1]]
  ↳ app/controllers/api/trips_controller.rb:31
  [1m[35m (0.1ms)[0m  [1m[35mBEGIN[0m
  ↳ app/controllers/api/trips_controller.rb:41
  [1m[36mFlight Update (0.3ms)[0m  [1m[33mUPDATE "flights" SET "arrival_time" = $1, "departure_time" = $2, "boarding_time" = $3, "updated_at" = $4 WHERE "flights"."id" = $5[0m  [["arrival_time", "2019-06-12 01:57:50.100000"], ["departure_time", "2019-06-11 02:57:50.100000"], ["boarding_time", "2019-06-11 01:57:50.100000"], ["updated_at", "2019-06-12 03:43:58.891488"], ["id", 4]]
  ↳ app/controllers/api/trips_controller.rb:41
  [1m[35m (0.3ms)[0m  [1m[35mCOMMIT[0m
  ↳ app/controllers/api/trips_controller.rb:41
  Rendering api/trips/show.json.jbuilder
  Rendered api/flights/_flight.json.jbuilder (0.3ms)
  Rendered api/trips/show.json.jbuilder (1.6ms)
Completed 200 OK in 8ms (Views: 5.0ms | ActiveRecord: 1.0ms)


Started GET "/api/trips" for ::1 at 2019-06-11 22:44:04 -0500
Processing by Api::TripsController#index as */*
  Parameters: {"status"=>"delayed", "airline"=>"United Airlines", "arrival_time"=>"2019-06-12T01:57:50.100Z", "departure_time"=>"2019-06-11T02:57:50.100Z", "arrival_airport"=>"ATL", "departure_airport"=>"ORD", "boarding_time"=>"2019-06-11T01:57:50.100Z"}
  Rendering api/trips/index.json.jbuilder
  [1m[36mFlight Load (0.3ms)[0m  [1m[34mSELECT "flights".* FROM "flights"[0m
  ↳ app/views/api/trips/index.json.jbuilder:1
  Rendered api/trips/_trip.json.jbuilder (0.3ms)
  Rendered api/trips/_trip.json.jbuilder (0.1ms)
  Rendered api/trips/_trip.json.jbuilder (0.1ms)
  Rendered api/trips/_trip.json.jbuilder (0.1ms)
  Rendered api/trips/index.json.jbuilder (4.9ms)
Completed 200 OK in 9ms (Views: 8.1ms | ActiveRecord: 0.3ms)


Started GET "/api/trips" for ::1 at 2019-06-11 22:44:57 -0500
Processing by Api::TripsController#index as HTML
  Rendering api/trips/index.json.jbuilder
  [1m[36mFlight Load (0.2ms)[0m  [1m[34mSELECT "flights".* FROM "flights"[0m
  ↳ app/views/api/trips/index.json.jbuilder:1
  Rendered api/trips/_trip.json.jbuilder (0.4ms)
  Rendered api/trips/_trip.json.jbuilder (0.1ms)
  Rendered api/trips/_trip.json.jbuilder (0.1ms)
  Rendered api/trips/_trip.json.jbuilder (0.1ms)
  Rendered api/trips/index.json.jbuilder (13.2ms)
Completed 200 OK in 16ms (Views: 11.1ms | ActiveRecord: 3.4ms)


Started GET "/api/trips" for ::1 at 2019-06-12 13:41:35 -0500
  [1m[35m (0.6ms)[0m  [1m[34mSELECT "schema_migrations"."version" FROM "schema_migrations" ORDER BY "schema_migrations"."version" ASC[0m
  ↳ /Users/abrahamkim/.rbenv/versions/2.6.1/lib/ruby/gems/2.6.0/gems/activerecord-5.2.3/lib/active_record/log_subscriber.rb:98
Processing by Api::TripsController#index as HTML
  Rendering api/trips/index.json.jbuilder
  [1m[36mFlight Load (0.5ms)[0m  [1m[34mSELECT "flights".* FROM "flights"[0m
  ↳ app/views/api/trips/index.json.jbuilder:1
  Rendered api/trips/_trip.json.jbuilder (0.5ms)
  Rendered api/trips/_trip.json.jbuilder (0.1ms)
  Rendered api/trips/_trip.json.jbuilder (0.1ms)
  Rendered api/trips/_trip.json.jbuilder (0.1ms)
  Rendered api/trips/index.json.jbuilder (16.2ms)
Completed 200 OK in 34ms (Views: 25.0ms | ActiveRecord: 4.2ms)


Started GET "/api/trips" for ::1 at 2019-06-12 13:41:40 -0500
Processing by Api::TripsController#index as HTML
  Rendering api/trips/index.json.jbuilder
  [1m[36mFlight Load (0.2ms)[0m  [1m[34mSELECT "flights".* FROM "flights"[0m
  ↳ app/views/api/trips/index.json.jbuilder:1
  Rendered api/trips/_trip.json.jbuilder (0.4ms)
  Rendered api/trips/_trip.json.jbuilder (0.1ms)
  Rendered api/trips/_trip.json.jbuilder (0.1ms)
  Rendered api/trips/_trip.json.jbuilder (0.1ms)
  Rendered api/trips/index.json.jbuilder (3.3ms)
Completed 200 OK in 5ms (Views: 4.3ms | ActiveRecord: 0.2ms)


Started GET "/api/trips/4" for ::1 at 2019-06-12 13:41:47 -0500
Processing by Api::TripsController#show as HTML
  Parameters: {"id"=>"4"}
  [1m[36mFlight Load (0.2ms)[0m  [1m[34mSELECT  "flights".* FROM "flights" WHERE "flights"."id" = $1 LIMIT $2[0m  [["id", 4], ["LIMIT", 1]]
  ↳ app/controllers/api/trips_controller.rb:26
  Rendering api/trips/show.json.jbuilder
  Rendered api/flights/_flight.json.jbuilder (0.4ms)
  Rendered api/trips/show.json.jbuilder (1.4ms)
Completed 200 OK in 6ms (Views: 3.3ms | ActiveRecord: 0.4ms)


  [1m[35m (0.2ms)[0m  [1m[34mSELECT pg_try_advisory_lock(3451649114448026625)[0m
  ↳ /Users/abrahamkim/.rbenv/versions/2.6.1/bin/rake:23
  [1m[35m (0.5ms)[0m  [1m[34mSELECT "schema_migrations"."version" FROM "schema_migrations" ORDER BY "schema_migrations"."version" ASC[0m
  ↳ /Users/abrahamkim/.rbenv/versions/2.6.1/bin/rake:23
Migrating to CreateTickets (20190612190050)
  [1m[35m (0.1ms)[0m  [1m[35mBEGIN[0m
  ↳ /Users/abrahamkim/.rbenv/versions/2.6.1/bin/rake:23
  [1m[35m (3.3ms)[0m  [1m[35mCREATE TABLE "tickets" ("id" bigserial primary key, "user_id" integer, "flight_id" integer, "created_at" timestamp NOT NULL, "updated_at" timestamp NOT NULL)[0m
  ↳ db/migrate/20190612190050_create_tickets.rb:3
  [1m[36mActiveRecord::SchemaMigration Create (0.3ms)[0m  [1m[32mINSERT INTO "schema_migrations" ("version") VALUES ($1) RETURNING "version"[0m  [["version", "20190612190050"]]
  ↳ /Users/abrahamkim/.rbenv/versions/2.6.1/bin/rake:23
  [1m[35m (0.4ms)[0m  [1m[35mCOMMIT[0m
  ↳ /Users/abrahamkim/.rbenv/versions/2.6.1/bin/rake:23
  [1m[36mActiveRecord::InternalMetadata Load (0.3ms)[0m  [1m[34mSELECT  "ar_internal_metadata".* FROM "ar_internal_metadata" WHERE "ar_internal_metadata"."key" = $1 LIMIT $2[0m  [["key", "environment"], ["LIMIT", 1]]
  ↳ /Users/abrahamkim/.rbenv/versions/2.6.1/bin/rake:23
  [1m[35m (0.2ms)[0m  [1m[35mBEGIN[0m
  ↳ /Users/abrahamkim/.rbenv/versions/2.6.1/bin/rake:23
  [1m[35m (0.1ms)[0m  [1m[35mCOMMIT[0m
  ↳ /Users/abrahamkim/.rbenv/versions/2.6.1/bin/rake:23
  [1m[35m (0.3ms)[0m  [1m[34mSELECT pg_advisory_unlock(3451649114448026625)[0m
  ↳ /Users/abrahamkim/.rbenv/versions/2.6.1/bin/rake:23
  [1m[35m (0.3ms)[0m  [1m[34mSELECT "schema_migrations"."version" FROM "schema_migrations" ORDER BY "schema_migrations"."version" ASC[0m
  ↳ /Users/abrahamkim/.rbenv/versions/2.6.1/bin/rake:23
